[09:38:31][INFO ][ContextLoader.java: 271] - Root WebApplicationContext: initialization started
[09:38:32][INFO ][ContextLoader.java: 307] - Root WebApplicationContext initialized in 976 ms
[09:38:32][INFO ][FrameworkServlet.java: 525] - Initializing Servlet 'appServlet'
[09:38:33][INFO ][FrameworkServlet.java: 547] - Completed initialization in 796 ms
[10:00:13][INFO ][ContextLoader.java: 271] - Root WebApplicationContext: initialization started
[10:00:14][INFO ][ContextLoader.java: 307] - Root WebApplicationContext initialized in 847 ms
[10:00:14][INFO ][FrameworkServlet.java: 525] - Initializing Servlet 'appServlet'
[10:00:14][INFO ][FrameworkServlet.java: 547] - Completed initialization in 836 ms
[10:00:28][INFO ][MemberController.java: 93] - login.do : Member [userId=admin, userPwd=admin, userName=null, gender=null, age=0, phone=null, email=null, enrollDate=null, lastModified=null, signType=null, adminYN=null, loginOk=null, photoFileName=null]
[10:05:02][INFO ][ContextLoader.java: 271] - Root WebApplicationContext: initialization started
[10:05:03][INFO ][ContextLoader.java: 307] - Root WebApplicationContext initialized in 850 ms
[10:05:03][INFO ][FrameworkServlet.java: 525] - Initializing Servlet 'appServlet'
[10:05:04][INFO ][FrameworkServlet.java: 547] - Completed initialization in 847 ms
[10:07:59][INFO ][LoginCheckIntercepter.java: 29] - 로그인 상태 : /first/breplyform.do 요청
[10:08:12][INFO ][LoginCheckIntercepter.java: 29] - 로그인 상태 : /first/breplyform.do 요청
[10:08:15][WARN ][DispatcherServlet.java: 1278] - No mapping for POST /first/breply.do
[10:09:09][INFO ][MemberController.java: 357] - action은gender
[10:09:10][INFO ][MemberController.java: 357] - action은null
[10:09:15][INFO ][MemberController.java: 357] - action은null
[10:09:23][INFO ][MemberController.java: 357] - action은gender
[10:09:25][INFO ][MemberController.java: 357] - action은null
[10:09:43][INFO ][LoginCheckIntercepter.java: 29] - 로그인 상태 : /first/breplyform.do 요청
[10:09:50][INFO ][LoginCheckIntercepter.java: 29] - 로그인 상태 : /first/myinfo.do 요청
[10:23:01][INFO ][ContextLoader.java: 271] - Root WebApplicationContext: initialization started
[10:23:02][INFO ][ContextLoader.java: 307] - Root WebApplicationContext initialized in 907 ms
[10:23:02][INFO ][FrameworkServlet.java: 525] - Initializing Servlet 'appServlet'
[10:23:03][INFO ][FrameworkServlet.java: 547] - Completed initialization in 847 ms
[10:23:21][INFO ][MemberController.java: 357] - action은gender
[10:29:02][INFO ][ContextLoader.java: 271] - Root WebApplicationContext: initialization started
[10:29:03][INFO ][ContextLoader.java: 307] - Root WebApplicationContext initialized in 881 ms
[10:29:03][INFO ][FrameworkServlet.java: 525] - Initializing Servlet 'appServlet'
[10:29:04][INFO ][FrameworkServlet.java: 547] - Completed initialization in 838 ms
[10:30:03][INFO ][MemberController.java: 357] - action은gender
[10:30:07][INFO ][MemberController.java: 357] - action은null
[10:32:27][INFO ][ContextLoader.java: 271] - Root WebApplicationContext: initialization started
[10:32:28][INFO ][ContextLoader.java: 307] - Root WebApplicationContext initialized in 959 ms
[10:32:28][INFO ][FrameworkServlet.java: 525] - Initializing Servlet 'appServlet'
[10:32:29][INFO ][FrameworkServlet.java: 547] - Completed initialization in 917 ms
[10:40:07][INFO ][ContextLoader.java: 271] - Root WebApplicationContext: initialization started
[10:40:08][INFO ][ContextLoader.java: 307] - Root WebApplicationContext initialized in 883 ms
[10:40:08][INFO ][FrameworkServlet.java: 525] - Initializing Servlet 'appServlet'
[10:40:09][INFO ][FrameworkServlet.java: 547] - Completed initialization in 856 ms
[10:40:19][INFO ][MemberController.java: 357] - action은null
[10:48:01][INFO ][ContextLoader.java: 271] - Root WebApplicationContext: initialization started
[10:48:02][INFO ][ContextLoader.java: 307] - Root WebApplicationContext initialized in 890 ms
[10:48:02][INFO ][FrameworkServlet.java: 525] - Initializing Servlet 'appServlet'
[10:48:03][INFO ][FrameworkServlet.java: 547] - Completed initialization in 845 ms
[11:17:28][INFO ][ContextLoader.java: 271] - Root WebApplicationContext: initialization started
[11:17:29][INFO ][ContextLoader.java: 307] - Root WebApplicationContext initialized in 892 ms
[11:17:29][INFO ][FrameworkServlet.java: 525] - Initializing Servlet 'appServlet'
[11:17:30][INFO ][FrameworkServlet.java: 547] - Completed initialization in 869 ms
[11:17:38][INFO ][LoginCheckIntercepter.java: 29] - 로그인 상태 : /first/breplyform.do 요청
[11:17:47][INFO ][BoardController.java: 81] - breply.do : Board [boardNum=0, boardWriter=admin, boardTitle=댓글연습, boardContent=댓글연습, boardOriginalFileName=null, boardRenameFileName=null, boardRef=12, boardReplyRef=0, boardLev=2, boardReplySeq=1, boardReadCount=0, boardDate=null]
[11:17:47][ERROR][Slf4jSpyLogDelegator.java: 120] - 6. PreparedStatement.execute() update board
		set board_reply_seq = board_reply_seq + 1
		where board_ref = 12
		and board_lev = # { boardLev }
java.sql.SQLException: 해당 위치에 지원되지 않는 SQL92 토큰: 101
	at oracle.jdbc.driver.OracleSql.handleODBC(OracleSql.java:1430)
	at oracle.jdbc.driver.OracleSql.parse(OracleSql.java:1324)
	at oracle.jdbc.driver.OracleSql.getSql(OracleSql.java:306)
	at oracle.jdbc.driver.OracleSql.getSqlBytes(OracleSql.java:809)
	at oracle.jdbc.driver.T4CPreparedStatement.doOall8(T4CPreparedStatement.java:255)
	at oracle.jdbc.driver.T4CPreparedStatement.doOall8(T4CPreparedStatement.java:86)
	at oracle.jdbc.driver.T4CPreparedStatement.executeForRows(T4CPreparedStatement.java:928)
	at oracle.jdbc.driver.OracleStatement.doExecuteWithTimeout(OracleStatement.java:1136)
	at oracle.jdbc.driver.OraclePreparedStatement.executeInternal(OraclePreparedStatement.java:3640)
	at oracle.jdbc.driver.T4CPreparedStatement.executeInternal(T4CPreparedStatement.java:1384)
	at oracle.jdbc.driver.OraclePreparedStatement.execute(OraclePreparedStatement.java:3752)
	at oracle.jdbc.driver.OraclePreparedStatementWrapper.execute(OraclePreparedStatementWrapper.java:1079)
	at org.apache.commons.dbcp.DelegatingPreparedStatement.execute(DelegatingPreparedStatement.java:172)
	at org.apache.commons.dbcp.DelegatingPreparedStatement.execute(DelegatingPreparedStatement.java:172)
	at net.sf.log4jdbc.PreparedStatementSpy.execute(PreparedStatementSpy.java:418)
	at org.apache.ibatis.executor.statement.PreparedStatementHandler.update(PreparedStatementHandler.java:47)
	at org.apache.ibatis.executor.statement.RoutingStatementHandler.update(RoutingStatementHandler.java:74)
	at org.apache.ibatis.executor.SimpleExecutor.doUpdate(SimpleExecutor.java:50)
	at org.apache.ibatis.executor.BaseExecutor.update(BaseExecutor.java:117)
	at org.apache.ibatis.session.defaults.DefaultSqlSession.update(DefaultSqlSession.java:197)
	at java.base/jdk.internal.reflect.NativeMethodAccessorImpl.invoke0(Native Method)
	at java.base/jdk.internal.reflect.NativeMethodAccessorImpl.invoke(NativeMethodAccessorImpl.java:62)
	at java.base/jdk.internal.reflect.DelegatingMethodAccessorImpl.invoke(DelegatingMethodAccessorImpl.java:43)
	at java.base/java.lang.reflect.Method.invoke(Method.java:566)
	at org.mybatis.spring.SqlSessionTemplate$SqlSessionInterceptor.invoke(SqlSessionTemplate.java:427)
	at com.sun.proxy.$Proxy9.update(Unknown Source)
	at org.mybatis.spring.SqlSessionTemplate.update(SqlSessionTemplate.java:288)
	at org.myweb.first.board.model.dao.BoardDao.updateReplySeq(BoardDao.java:52)
	at org.myweb.first.board.model.service.BoardServiceImpl.updateReplySeq(BoardServiceImpl.java:49)
	at org.myweb.first.board.model.service.BoardServiceImpl$$FastClassBySpringCGLIB$$e942a2e3.invoke(<generated>)
	at org.springframework.cglib.proxy.MethodProxy.invoke(MethodProxy.java:218)
	at org.springframework.aop.framework.CglibAopProxy$CglibMethodInvocation.invokeJoinpoint(CglibAopProxy.java:793)
	at org.springframework.aop.framework.ReflectiveMethodInvocation.proceed(ReflectiveMethodInvocation.java:163)
	at org.springframework.aop.framework.CglibAopProxy$CglibMethodInvocation.proceed(CglibAopProxy.java:763)
	at org.springframework.transaction.interceptor.TransactionInterceptor$1.proceedWithInvocation(TransactionInterceptor.java:123)
	at org.springframework.transaction.interceptor.TransactionAspectSupport.invokeWithinTransaction(TransactionAspectSupport.java:388)
	at org.springframework.transaction.interceptor.TransactionInterceptor.invoke(TransactionInterceptor.java:119)
	at org.springframework.aop.framework.ReflectiveMethodInvocation.proceed(ReflectiveMethodInvocation.java:186)
	at org.springframework.aop.framework.CglibAopProxy$CglibMethodInvocation.proceed(CglibAopProxy.java:763)
	at org.springframework.aop.interceptor.ExposeInvocationInterceptor.invoke(ExposeInvocationInterceptor.java:97)
	at org.springframework.aop.framework.ReflectiveMethodInvocation.proceed(ReflectiveMethodInvocation.java:186)
	at org.springframework.aop.framework.CglibAopProxy$CglibMethodInvocation.proceed(CglibAopProxy.java:763)
	at org.springframework.aop.framework.CglibAopProxy$DynamicAdvisedInterceptor.intercept(CglibAopProxy.java:708)
	at org.myweb.first.board.model.service.BoardServiceImpl$$EnhancerBySpringCGLIB$$41ac6658.updateReplySeq(<generated>)
	at org.myweb.first.board.controller.BoardController.replyInsertMethod(BoardController.java:84)
	at java.base/jdk.internal.reflect.NativeMethodAccessorImpl.invoke0(Native Method)
	at java.base/jdk.internal.reflect.NativeMethodAccessorImpl.invoke(NativeMethodAccessorImpl.java:62)
	at java.base/jdk.internal.reflect.DelegatingMethodAccessorImpl.invoke(DelegatingMethodAccessorImpl.java:43)
	at java.base/java.lang.reflect.Method.invoke(Method.java:566)
	at org.springframework.web.method.support.InvocableHandlerMethod.doInvoke(InvocableHandlerMethod.java:205)
	at org.springframework.web.method.support.InvocableHandlerMethod.invokeForRequest(InvocableHandlerMethod.java:150)
	at org.springframework.web.servlet.mvc.method.annotation.ServletInvocableHandlerMethod.invokeAndHandle(ServletInvocableHandlerMethod.java:117)
	at org.springframework.web.servlet.mvc.method.annotation.RequestMappingHandlerAdapter.invokeHandlerMethod(RequestMappingHandlerAdapter.java:895)
	at org.springframework.web.servlet.mvc.method.annotation.RequestMappingHandlerAdapter.handleInternal(RequestMappingHandlerAdapter.java:808)
	at org.springframework.web.servlet.mvc.method.AbstractHandlerMethodAdapter.handle(AbstractHandlerMethodAdapter.java:87)
	at org.springframework.web.servlet.DispatcherServlet.doDispatch(DispatcherServlet.java:1067)
	at org.springframework.web.servlet.DispatcherServlet.doService(DispatcherServlet.java:963)
	at org.springframework.web.servlet.FrameworkServlet.processRequest(FrameworkServlet.java:1006)
	at org.springframework.web.servlet.FrameworkServlet.doPost(FrameworkServlet.java:909)
	at javax.servlet.http.HttpServlet.service(HttpServlet.java:555)
	at org.springframework.web.servlet.FrameworkServlet.service(FrameworkServlet.java:883)
	at javax.servlet.http.HttpServlet.service(HttpServlet.java:623)
	at org.apache.catalina.core.ApplicationFilterChain.internalDoFilter(ApplicationFilterChain.java:209)
	at org.apache.catalina.core.ApplicationFilterChain.doFilter(ApplicationFilterChain.java:153)
	at org.apache.tomcat.websocket.server.WsFilter.doFilter(WsFilter.java:51)
	at org.apache.catalina.core.ApplicationFilterChain.internalDoFilter(ApplicationFilterChain.java:178)
	at org.apache.catalina.core.ApplicationFilterChain.doFilter(ApplicationFilterChain.java:153)
	at org.springframework.web.filter.CharacterEncodingFilter.doFilterInternal(CharacterEncodingFilter.java:201)
	at org.springframework.web.filter.OncePerRequestFilter.doFilter(OncePerRequestFilter.java:117)
	at org.apache.catalina.core.ApplicationFilterChain.internalDoFilter(ApplicationFilterChain.java:178)
	at org.apache.catalina.core.ApplicationFilterChain.doFilter(ApplicationFilterChain.java:153)
	at org.apache.catalina.core.StandardWrapperValve.invoke(StandardWrapperValve.java:168)
	at org.apache.catalina.core.StandardContextValve.invoke(StandardContextValve.java:90)
	at org.apache.catalina.authenticator.AuthenticatorBase.invoke(AuthenticatorBase.java:481)
	at org.apache.catalina.core.StandardHostValve.invoke(StandardHostValve.java:130)
	at org.apache.catalina.valves.ErrorReportValve.invoke(ErrorReportValve.java:93)
	at org.apache.catalina.valves.AbstractAccessLogValve.invoke(AbstractAccessLogValve.java:670)
	at org.apache.catalina.core.StandardEngineValve.invoke(StandardEngineValve.java:74)
	at org.apache.catalina.connector.CoyoteAdapter.service(CoyoteAdapter.java:342)
	at org.apache.coyote.http11.Http11Processor.service(Http11Processor.java:390)
	at org.apache.coyote.AbstractProcessorLight.process(AbstractProcessorLight.java:63)
	at org.apache.coyote.AbstractProtocol$ConnectionHandler.process(AbstractProtocol.java:928)
	at org.apache.tomcat.util.net.NioEndpoint$SocketProcessor.doRun(NioEndpoint.java:1794)
	at org.apache.tomcat.util.net.SocketProcessorBase.run(SocketProcessorBase.java:52)
	at org.apache.tomcat.util.threads.ThreadPoolExecutor.runWorker(ThreadPoolExecutor.java:1191)
	at org.apache.tomcat.util.threads.ThreadPoolExecutor$Worker.run(ThreadPoolExecutor.java:659)
	at org.apache.tomcat.util.threads.TaskThread$WrappingRunnable.run(TaskThread.java:61)
	at java.base/java.lang.Thread.run(Thread.java:834)
[11:17:47][ERROR][Slf4jSpyLogDelegator.java: 139] - 6. PreparedStatement.execute() FAILED! update board
		set board_reply_seq = board_reply_seq + 1
		where board_ref = 12
		and board_lev = # { boardLev } {FAILED after 1 msec}
java.sql.SQLException: 해당 위치에 지원되지 않는 SQL92 토큰: 101
	at oracle.jdbc.driver.OracleSql.handleODBC(OracleSql.java:1430)
	at oracle.jdbc.driver.OracleSql.parse(OracleSql.java:1324)
	at oracle.jdbc.driver.OracleSql.getSql(OracleSql.java:306)
	at oracle.jdbc.driver.OracleSql.getSqlBytes(OracleSql.java:809)
	at oracle.jdbc.driver.T4CPreparedStatement.doOall8(T4CPreparedStatement.java:255)
	at oracle.jdbc.driver.T4CPreparedStatement.doOall8(T4CPreparedStatement.java:86)
	at oracle.jdbc.driver.T4CPreparedStatement.executeForRows(T4CPreparedStatement.java:928)
	at oracle.jdbc.driver.OracleStatement.doExecuteWithTimeout(OracleStatement.java:1136)
	at oracle.jdbc.driver.OraclePreparedStatement.executeInternal(OraclePreparedStatement.java:3640)
	at oracle.jdbc.driver.T4CPreparedStatement.executeInternal(T4CPreparedStatement.java:1384)
	at oracle.jdbc.driver.OraclePreparedStatement.execute(OraclePreparedStatement.java:3752)
	at oracle.jdbc.driver.OraclePreparedStatementWrapper.execute(OraclePreparedStatementWrapper.java:1079)
	at org.apache.commons.dbcp.DelegatingPreparedStatement.execute(DelegatingPreparedStatement.java:172)
	at org.apache.commons.dbcp.DelegatingPreparedStatement.execute(DelegatingPreparedStatement.java:172)
	at net.sf.log4jdbc.PreparedStatementSpy.execute(PreparedStatementSpy.java:418)
	at org.apache.ibatis.executor.statement.PreparedStatementHandler.update(PreparedStatementHandler.java:47)
	at org.apache.ibatis.executor.statement.RoutingStatementHandler.update(RoutingStatementHandler.java:74)
	at org.apache.ibatis.executor.SimpleExecutor.doUpdate(SimpleExecutor.java:50)
	at org.apache.ibatis.executor.BaseExecutor.update(BaseExecutor.java:117)
	at org.apache.ibatis.session.defaults.DefaultSqlSession.update(DefaultSqlSession.java:197)
	at java.base/jdk.internal.reflect.NativeMethodAccessorImpl.invoke0(Native Method)
	at java.base/jdk.internal.reflect.NativeMethodAccessorImpl.invoke(NativeMethodAccessorImpl.java:62)
	at java.base/jdk.internal.reflect.DelegatingMethodAccessorImpl.invoke(DelegatingMethodAccessorImpl.java:43)
	at java.base/java.lang.reflect.Method.invoke(Method.java:566)
	at org.mybatis.spring.SqlSessionTemplate$SqlSessionInterceptor.invoke(SqlSessionTemplate.java:427)
	at com.sun.proxy.$Proxy9.update(Unknown Source)
	at org.mybatis.spring.SqlSessionTemplate.update(SqlSessionTemplate.java:288)
	at org.myweb.first.board.model.dao.BoardDao.updateReplySeq(BoardDao.java:52)
	at org.myweb.first.board.model.service.BoardServiceImpl.updateReplySeq(BoardServiceImpl.java:49)
	at org.myweb.first.board.model.service.BoardServiceImpl$$FastClassBySpringCGLIB$$e942a2e3.invoke(<generated>)
	at org.springframework.cglib.proxy.MethodProxy.invoke(MethodProxy.java:218)
	at org.springframework.aop.framework.CglibAopProxy$CglibMethodInvocation.invokeJoinpoint(CglibAopProxy.java:793)
	at org.springframework.aop.framework.ReflectiveMethodInvocation.proceed(ReflectiveMethodInvocation.java:163)
	at org.springframework.aop.framework.CglibAopProxy$CglibMethodInvocation.proceed(CglibAopProxy.java:763)
	at org.springframework.transaction.interceptor.TransactionInterceptor$1.proceedWithInvocation(TransactionInterceptor.java:123)
	at org.springframework.transaction.interceptor.TransactionAspectSupport.invokeWithinTransaction(TransactionAspectSupport.java:388)
	at org.springframework.transaction.interceptor.TransactionInterceptor.invoke(TransactionInterceptor.java:119)
	at org.springframework.aop.framework.ReflectiveMethodInvocation.proceed(ReflectiveMethodInvocation.java:186)
	at org.springframework.aop.framework.CglibAopProxy$CglibMethodInvocation.proceed(CglibAopProxy.java:763)
	at org.springframework.aop.interceptor.ExposeInvocationInterceptor.invoke(ExposeInvocationInterceptor.java:97)
	at org.springframework.aop.framework.ReflectiveMethodInvocation.proceed(ReflectiveMethodInvocation.java:186)
	at org.springframework.aop.framework.CglibAopProxy$CglibMethodInvocation.proceed(CglibAopProxy.java:763)
	at org.springframework.aop.framework.CglibAopProxy$DynamicAdvisedInterceptor.intercept(CglibAopProxy.java:708)
	at org.myweb.first.board.model.service.BoardServiceImpl$$EnhancerBySpringCGLIB$$41ac6658.updateReplySeq(<generated>)
	at org.myweb.first.board.controller.BoardController.replyInsertMethod(BoardController.java:84)
	at java.base/jdk.internal.reflect.NativeMethodAccessorImpl.invoke0(Native Method)
	at java.base/jdk.internal.reflect.NativeMethodAccessorImpl.invoke(NativeMethodAccessorImpl.java:62)
	at java.base/jdk.internal.reflect.DelegatingMethodAccessorImpl.invoke(DelegatingMethodAccessorImpl.java:43)
	at java.base/java.lang.reflect.Method.invoke(Method.java:566)
	at org.springframework.web.method.support.InvocableHandlerMethod.doInvoke(InvocableHandlerMethod.java:205)
	at org.springframework.web.method.support.InvocableHandlerMethod.invokeForRequest(InvocableHandlerMethod.java:150)
	at org.springframework.web.servlet.mvc.method.annotation.ServletInvocableHandlerMethod.invokeAndHandle(ServletInvocableHandlerMethod.java:117)
	at org.springframework.web.servlet.mvc.method.annotation.RequestMappingHandlerAdapter.invokeHandlerMethod(RequestMappingHandlerAdapter.java:895)
	at org.springframework.web.servlet.mvc.method.annotation.RequestMappingHandlerAdapter.handleInternal(RequestMappingHandlerAdapter.java:808)
	at org.springframework.web.servlet.mvc.method.AbstractHandlerMethodAdapter.handle(AbstractHandlerMethodAdapter.java:87)
	at org.springframework.web.servlet.DispatcherServlet.doDispatch(DispatcherServlet.java:1067)
	at org.springframework.web.servlet.DispatcherServlet.doService(DispatcherServlet.java:963)
	at org.springframework.web.servlet.FrameworkServlet.processRequest(FrameworkServlet.java:1006)
	at org.springframework.web.servlet.FrameworkServlet.doPost(FrameworkServlet.java:909)
	at javax.servlet.http.HttpServlet.service(HttpServlet.java:555)
	at org.springframework.web.servlet.FrameworkServlet.service(FrameworkServlet.java:883)
	at javax.servlet.http.HttpServlet.service(HttpServlet.java:623)
	at org.apache.catalina.core.ApplicationFilterChain.internalDoFilter(ApplicationFilterChain.java:209)
	at org.apache.catalina.core.ApplicationFilterChain.doFilter(ApplicationFilterChain.java:153)
	at org.apache.tomcat.websocket.server.WsFilter.doFilter(WsFilter.java:51)
	at org.apache.catalina.core.ApplicationFilterChain.internalDoFilter(ApplicationFilterChain.java:178)
	at org.apache.catalina.core.ApplicationFilterChain.doFilter(ApplicationFilterChain.java:153)
	at org.springframework.web.filter.CharacterEncodingFilter.doFilterInternal(CharacterEncodingFilter.java:201)
	at org.springframework.web.filter.OncePerRequestFilter.doFilter(OncePerRequestFilter.java:117)
	at org.apache.catalina.core.ApplicationFilterChain.internalDoFilter(ApplicationFilterChain.java:178)
	at org.apache.catalina.core.ApplicationFilterChain.doFilter(ApplicationFilterChain.java:153)
	at org.apache.catalina.core.StandardWrapperValve.invoke(StandardWrapperValve.java:168)
	at org.apache.catalina.core.StandardContextValve.invoke(StandardContextValve.java:90)
	at org.apache.catalina.authenticator.AuthenticatorBase.invoke(AuthenticatorBase.java:481)
	at org.apache.catalina.core.StandardHostValve.invoke(StandardHostValve.java:130)
	at org.apache.catalina.valves.ErrorReportValve.invoke(ErrorReportValve.java:93)
	at org.apache.catalina.valves.AbstractAccessLogValve.invoke(AbstractAccessLogValve.java:670)
	at org.apache.catalina.core.StandardEngineValve.invoke(StandardEngineValve.java:74)
	at org.apache.catalina.connector.CoyoteAdapter.service(CoyoteAdapter.java:342)
	at org.apache.coyote.http11.Http11Processor.service(Http11Processor.java:390)
	at org.apache.coyote.AbstractProcessorLight.process(AbstractProcessorLight.java:63)
	at org.apache.coyote.AbstractProtocol$ConnectionHandler.process(AbstractProtocol.java:928)
	at org.apache.tomcat.util.net.NioEndpoint$SocketProcessor.doRun(NioEndpoint.java:1794)
	at org.apache.tomcat.util.net.SocketProcessorBase.run(SocketProcessorBase.java:52)
	at org.apache.tomcat.util.threads.ThreadPoolExecutor.runWorker(ThreadPoolExecutor.java:1191)
	at org.apache.tomcat.util.threads.ThreadPoolExecutor$Worker.run(ThreadPoolExecutor.java:659)
	at org.apache.tomcat.util.threads.TaskThread$WrappingRunnable.run(TaskThread.java:61)
	at java.base/java.lang.Thread.run(Thread.java:834)
[11:26:24][INFO ][ContextLoader.java: 271] - Root WebApplicationContext: initialization started
[11:26:25][INFO ][ContextLoader.java: 307] - Root WebApplicationContext initialized in 874 ms
[11:26:25][INFO ][FrameworkServlet.java: 525] - Initializing Servlet 'appServlet'
[11:26:26][INFO ][FrameworkServlet.java: 547] - Completed initialization in 830 ms
[11:26:53][INFO ][LoginCheckIntercepter.java: 29] - 로그인 상태 : /first/breplyform.do 요청
[11:26:56][INFO ][BoardController.java: 81] - breply.do : Board [boardNum=0, boardWriter=admin, boardTitle=ㄷ, boardContent=ㄷ, boardOriginalFileName=null, boardRenameFileName=null, boardRef=12, boardReplyRef=0, boardLev=2, boardReplySeq=1, boardReadCount=0, boardDate=null]
[11:26:56][ERROR][Slf4jSpyLogDelegator.java: 120] - 14. PreparedStatement.execute() update board
		set board_reply_seq = board_reply_seq + 1
		where board_ref = 12
		and board_lev = # { boardLev }
java.sql.SQLException: 해당 위치에 지원되지 않는 SQL92 토큰: 101
	at oracle.jdbc.driver.OracleSql.handleODBC(OracleSql.java:1430)
	at oracle.jdbc.driver.OracleSql.parse(OracleSql.java:1324)
	at oracle.jdbc.driver.OracleSql.getSql(OracleSql.java:306)
	at oracle.jdbc.driver.OracleSql.getSqlBytes(OracleSql.java:809)
	at oracle.jdbc.driver.T4CPreparedStatement.doOall8(T4CPreparedStatement.java:255)
	at oracle.jdbc.driver.T4CPreparedStatement.doOall8(T4CPreparedStatement.java:86)
	at oracle.jdbc.driver.T4CPreparedStatement.executeForRows(T4CPreparedStatement.java:928)
	at oracle.jdbc.driver.OracleStatement.doExecuteWithTimeout(OracleStatement.java:1136)
	at oracle.jdbc.driver.OraclePreparedStatement.executeInternal(OraclePreparedStatement.java:3640)
	at oracle.jdbc.driver.T4CPreparedStatement.executeInternal(T4CPreparedStatement.java:1384)
	at oracle.jdbc.driver.OraclePreparedStatement.execute(OraclePreparedStatement.java:3752)
	at oracle.jdbc.driver.OraclePreparedStatementWrapper.execute(OraclePreparedStatementWrapper.java:1079)
	at org.apache.commons.dbcp.DelegatingPreparedStatement.execute(DelegatingPreparedStatement.java:172)
	at org.apache.commons.dbcp.DelegatingPreparedStatement.execute(DelegatingPreparedStatement.java:172)
	at net.sf.log4jdbc.PreparedStatementSpy.execute(PreparedStatementSpy.java:418)
	at org.apache.ibatis.executor.statement.PreparedStatementHandler.update(PreparedStatementHandler.java:47)
	at org.apache.ibatis.executor.statement.RoutingStatementHandler.update(RoutingStatementHandler.java:74)
	at org.apache.ibatis.executor.SimpleExecutor.doUpdate(SimpleExecutor.java:50)
	at org.apache.ibatis.executor.BaseExecutor.update(BaseExecutor.java:117)
	at org.apache.ibatis.session.defaults.DefaultSqlSession.update(DefaultSqlSession.java:197)
	at java.base/jdk.internal.reflect.NativeMethodAccessorImpl.invoke0(Native Method)
	at java.base/jdk.internal.reflect.NativeMethodAccessorImpl.invoke(NativeMethodAccessorImpl.java:62)
	at java.base/jdk.internal.reflect.DelegatingMethodAccessorImpl.invoke(DelegatingMethodAccessorImpl.java:43)
	at java.base/java.lang.reflect.Method.invoke(Method.java:566)
	at org.mybatis.spring.SqlSessionTemplate$SqlSessionInterceptor.invoke(SqlSessionTemplate.java:427)
	at com.sun.proxy.$Proxy9.update(Unknown Source)
	at org.mybatis.spring.SqlSessionTemplate.update(SqlSessionTemplate.java:288)
	at org.myweb.first.board.model.dao.BoardDao.updateReplySeq(BoardDao.java:52)
	at org.myweb.first.board.model.service.BoardServiceImpl.updateReplySeq(BoardServiceImpl.java:49)
	at org.myweb.first.board.model.service.BoardServiceImpl$$FastClassBySpringCGLIB$$e942a2e3.invoke(<generated>)
	at org.springframework.cglib.proxy.MethodProxy.invoke(MethodProxy.java:218)
	at org.springframework.aop.framework.CglibAopProxy$CglibMethodInvocation.invokeJoinpoint(CglibAopProxy.java:793)
	at org.springframework.aop.framework.ReflectiveMethodInvocation.proceed(ReflectiveMethodInvocation.java:163)
	at org.springframework.aop.framework.CglibAopProxy$CglibMethodInvocation.proceed(CglibAopProxy.java:763)
	at org.springframework.transaction.interceptor.TransactionInterceptor$1.proceedWithInvocation(TransactionInterceptor.java:123)
	at org.springframework.transaction.interceptor.TransactionAspectSupport.invokeWithinTransaction(TransactionAspectSupport.java:388)
	at org.springframework.transaction.interceptor.TransactionInterceptor.invoke(TransactionInterceptor.java:119)
	at org.springframework.aop.framework.ReflectiveMethodInvocation.proceed(ReflectiveMethodInvocation.java:186)
	at org.springframework.aop.framework.CglibAopProxy$CglibMethodInvocation.proceed(CglibAopProxy.java:763)
	at org.springframework.aop.interceptor.ExposeInvocationInterceptor.invoke(ExposeInvocationInterceptor.java:97)
	at org.springframework.aop.framework.ReflectiveMethodInvocation.proceed(ReflectiveMethodInvocation.java:186)
	at org.springframework.aop.framework.CglibAopProxy$CglibMethodInvocation.proceed(CglibAopProxy.java:763)
	at org.springframework.aop.framework.CglibAopProxy$DynamicAdvisedInterceptor.intercept(CglibAopProxy.java:708)
	at org.myweb.first.board.model.service.BoardServiceImpl$$EnhancerBySpringCGLIB$$41ac6658.updateReplySeq(<generated>)
	at org.myweb.first.board.controller.BoardController.replyInsertMethod(BoardController.java:84)
	at java.base/jdk.internal.reflect.NativeMethodAccessorImpl.invoke0(Native Method)
	at java.base/jdk.internal.reflect.NativeMethodAccessorImpl.invoke(NativeMethodAccessorImpl.java:62)
	at java.base/jdk.internal.reflect.DelegatingMethodAccessorImpl.invoke(DelegatingMethodAccessorImpl.java:43)
	at java.base/java.lang.reflect.Method.invoke(Method.java:566)
	at org.springframework.web.method.support.InvocableHandlerMethod.doInvoke(InvocableHandlerMethod.java:205)
	at org.springframework.web.method.support.InvocableHandlerMethod.invokeForRequest(InvocableHandlerMethod.java:150)
	at org.springframework.web.servlet.mvc.method.annotation.ServletInvocableHandlerMethod.invokeAndHandle(ServletInvocableHandlerMethod.java:117)
	at org.springframework.web.servlet.mvc.method.annotation.RequestMappingHandlerAdapter.invokeHandlerMethod(RequestMappingHandlerAdapter.java:895)
	at org.springframework.web.servlet.mvc.method.annotation.RequestMappingHandlerAdapter.handleInternal(RequestMappingHandlerAdapter.java:808)
	at org.springframework.web.servlet.mvc.method.AbstractHandlerMethodAdapter.handle(AbstractHandlerMethodAdapter.java:87)
	at org.springframework.web.servlet.DispatcherServlet.doDispatch(DispatcherServlet.java:1067)
	at org.springframework.web.servlet.DispatcherServlet.doService(DispatcherServlet.java:963)
	at org.springframework.web.servlet.FrameworkServlet.processRequest(FrameworkServlet.java:1006)
	at org.springframework.web.servlet.FrameworkServlet.doPost(FrameworkServlet.java:909)
	at javax.servlet.http.HttpServlet.service(HttpServlet.java:555)
	at org.springframework.web.servlet.FrameworkServlet.service(FrameworkServlet.java:883)
	at javax.servlet.http.HttpServlet.service(HttpServlet.java:623)
	at org.apache.catalina.core.ApplicationFilterChain.internalDoFilter(ApplicationFilterChain.java:209)
	at org.apache.catalina.core.ApplicationFilterChain.doFilter(ApplicationFilterChain.java:153)
	at org.apache.tomcat.websocket.server.WsFilter.doFilter(WsFilter.java:51)
	at org.apache.catalina.core.ApplicationFilterChain.internalDoFilter(ApplicationFilterChain.java:178)
	at org.apache.catalina.core.ApplicationFilterChain.doFilter(ApplicationFilterChain.java:153)
	at org.springframework.web.filter.CharacterEncodingFilter.doFilterInternal(CharacterEncodingFilter.java:201)
	at org.springframework.web.filter.OncePerRequestFilter.doFilter(OncePerRequestFilter.java:117)
	at org.apache.catalina.core.ApplicationFilterChain.internalDoFilter(ApplicationFilterChain.java:178)
	at org.apache.catalina.core.ApplicationFilterChain.doFilter(ApplicationFilterChain.java:153)
	at org.apache.catalina.core.StandardWrapperValve.invoke(StandardWrapperValve.java:168)
	at org.apache.catalina.core.StandardContextValve.invoke(StandardContextValve.java:90)
	at org.apache.catalina.authenticator.AuthenticatorBase.invoke(AuthenticatorBase.java:481)
	at org.apache.catalina.core.StandardHostValve.invoke(StandardHostValve.java:130)
	at org.apache.catalina.valves.ErrorReportValve.invoke(ErrorReportValve.java:93)
	at org.apache.catalina.valves.AbstractAccessLogValve.invoke(AbstractAccessLogValve.java:670)
	at org.apache.catalina.core.StandardEngineValve.invoke(StandardEngineValve.java:74)
	at org.apache.catalina.connector.CoyoteAdapter.service(CoyoteAdapter.java:342)
	at org.apache.coyote.http11.Http11Processor.service(Http11Processor.java:390)
	at org.apache.coyote.AbstractProcessorLight.process(AbstractProcessorLight.java:63)
	at org.apache.coyote.AbstractProtocol$ConnectionHandler.process(AbstractProtocol.java:928)
	at org.apache.tomcat.util.net.NioEndpoint$SocketProcessor.doRun(NioEndpoint.java:1794)
	at org.apache.tomcat.util.net.SocketProcessorBase.run(SocketProcessorBase.java:52)
	at org.apache.tomcat.util.threads.ThreadPoolExecutor.runWorker(ThreadPoolExecutor.java:1191)
	at org.apache.tomcat.util.threads.ThreadPoolExecutor$Worker.run(ThreadPoolExecutor.java:659)
	at org.apache.tomcat.util.threads.TaskThread$WrappingRunnable.run(TaskThread.java:61)
	at java.base/java.lang.Thread.run(Thread.java:834)
[11:26:56][ERROR][Slf4jSpyLogDelegator.java: 139] - 14. PreparedStatement.execute() FAILED! update board
		set board_reply_seq = board_reply_seq + 1
		where board_ref = 12
		and board_lev = # { boardLev } {FAILED after 0 msec}
java.sql.SQLException: 해당 위치에 지원되지 않는 SQL92 토큰: 101
	at oracle.jdbc.driver.OracleSql.handleODBC(OracleSql.java:1430)
	at oracle.jdbc.driver.OracleSql.parse(OracleSql.java:1324)
	at oracle.jdbc.driver.OracleSql.getSql(OracleSql.java:306)
	at oracle.jdbc.driver.OracleSql.getSqlBytes(OracleSql.java:809)
	at oracle.jdbc.driver.T4CPreparedStatement.doOall8(T4CPreparedStatement.java:255)
	at oracle.jdbc.driver.T4CPreparedStatement.doOall8(T4CPreparedStatement.java:86)
	at oracle.jdbc.driver.T4CPreparedStatement.executeForRows(T4CPreparedStatement.java:928)
	at oracle.jdbc.driver.OracleStatement.doExecuteWithTimeout(OracleStatement.java:1136)
	at oracle.jdbc.driver.OraclePreparedStatement.executeInternal(OraclePreparedStatement.java:3640)
	at oracle.jdbc.driver.T4CPreparedStatement.executeInternal(T4CPreparedStatement.java:1384)
	at oracle.jdbc.driver.OraclePreparedStatement.execute(OraclePreparedStatement.java:3752)
	at oracle.jdbc.driver.OraclePreparedStatementWrapper.execute(OraclePreparedStatementWrapper.java:1079)
	at org.apache.commons.dbcp.DelegatingPreparedStatement.execute(DelegatingPreparedStatement.java:172)
	at org.apache.commons.dbcp.DelegatingPreparedStatement.execute(DelegatingPreparedStatement.java:172)
	at net.sf.log4jdbc.PreparedStatementSpy.execute(PreparedStatementSpy.java:418)
	at org.apache.ibatis.executor.statement.PreparedStatementHandler.update(PreparedStatementHandler.java:47)
	at org.apache.ibatis.executor.statement.RoutingStatementHandler.update(RoutingStatementHandler.java:74)
	at org.apache.ibatis.executor.SimpleExecutor.doUpdate(SimpleExecutor.java:50)
	at org.apache.ibatis.executor.BaseExecutor.update(BaseExecutor.java:117)
	at org.apache.ibatis.session.defaults.DefaultSqlSession.update(DefaultSqlSession.java:197)
	at java.base/jdk.internal.reflect.NativeMethodAccessorImpl.invoke0(Native Method)
	at java.base/jdk.internal.reflect.NativeMethodAccessorImpl.invoke(NativeMethodAccessorImpl.java:62)
	at java.base/jdk.internal.reflect.DelegatingMethodAccessorImpl.invoke(DelegatingMethodAccessorImpl.java:43)
	at java.base/java.lang.reflect.Method.invoke(Method.java:566)
	at org.mybatis.spring.SqlSessionTemplate$SqlSessionInterceptor.invoke(SqlSessionTemplate.java:427)
	at com.sun.proxy.$Proxy9.update(Unknown Source)
	at org.mybatis.spring.SqlSessionTemplate.update(SqlSessionTemplate.java:288)
	at org.myweb.first.board.model.dao.BoardDao.updateReplySeq(BoardDao.java:52)
	at org.myweb.first.board.model.service.BoardServiceImpl.updateReplySeq(BoardServiceImpl.java:49)
	at org.myweb.first.board.model.service.BoardServiceImpl$$FastClassBySpringCGLIB$$e942a2e3.invoke(<generated>)
	at org.springframework.cglib.proxy.MethodProxy.invoke(MethodProxy.java:218)
	at org.springframework.aop.framework.CglibAopProxy$CglibMethodInvocation.invokeJoinpoint(CglibAopProxy.java:793)
	at org.springframework.aop.framework.ReflectiveMethodInvocation.proceed(ReflectiveMethodInvocation.java:163)
	at org.springframework.aop.framework.CglibAopProxy$CglibMethodInvocation.proceed(CglibAopProxy.java:763)
	at org.springframework.transaction.interceptor.TransactionInterceptor$1.proceedWithInvocation(TransactionInterceptor.java:123)
	at org.springframework.transaction.interceptor.TransactionAspectSupport.invokeWithinTransaction(TransactionAspectSupport.java:388)
	at org.springframework.transaction.interceptor.TransactionInterceptor.invoke(TransactionInterceptor.java:119)
	at org.springframework.aop.framework.ReflectiveMethodInvocation.proceed(ReflectiveMethodInvocation.java:186)
	at org.springframework.aop.framework.CglibAopProxy$CglibMethodInvocation.proceed(CglibAopProxy.java:763)
	at org.springframework.aop.interceptor.ExposeInvocationInterceptor.invoke(ExposeInvocationInterceptor.java:97)
	at org.springframework.aop.framework.ReflectiveMethodInvocation.proceed(ReflectiveMethodInvocation.java:186)
	at org.springframework.aop.framework.CglibAopProxy$CglibMethodInvocation.proceed(CglibAopProxy.java:763)
	at org.springframework.aop.framework.CglibAopProxy$DynamicAdvisedInterceptor.intercept(CglibAopProxy.java:708)
	at org.myweb.first.board.model.service.BoardServiceImpl$$EnhancerBySpringCGLIB$$41ac6658.updateReplySeq(<generated>)
	at org.myweb.first.board.controller.BoardController.replyInsertMethod(BoardController.java:84)
	at java.base/jdk.internal.reflect.NativeMethodAccessorImpl.invoke0(Native Method)
	at java.base/jdk.internal.reflect.NativeMethodAccessorImpl.invoke(NativeMethodAccessorImpl.java:62)
	at java.base/jdk.internal.reflect.DelegatingMethodAccessorImpl.invoke(DelegatingMethodAccessorImpl.java:43)
	at java.base/java.lang.reflect.Method.invoke(Method.java:566)
	at org.springframework.web.method.support.InvocableHandlerMethod.doInvoke(InvocableHandlerMethod.java:205)
	at org.springframework.web.method.support.InvocableHandlerMethod.invokeForRequest(InvocableHandlerMethod.java:150)
	at org.springframework.web.servlet.mvc.method.annotation.ServletInvocableHandlerMethod.invokeAndHandle(ServletInvocableHandlerMethod.java:117)
	at org.springframework.web.servlet.mvc.method.annotation.RequestMappingHandlerAdapter.invokeHandlerMethod(RequestMappingHandlerAdapter.java:895)
	at org.springframework.web.servlet.mvc.method.annotation.RequestMappingHandlerAdapter.handleInternal(RequestMappingHandlerAdapter.java:808)
	at org.springframework.web.servlet.mvc.method.AbstractHandlerMethodAdapter.handle(AbstractHandlerMethodAdapter.java:87)
	at org.springframework.web.servlet.DispatcherServlet.doDispatch(DispatcherServlet.java:1067)
	at org.springframework.web.servlet.DispatcherServlet.doService(DispatcherServlet.java:963)
	at org.springframework.web.servlet.FrameworkServlet.processRequest(FrameworkServlet.java:1006)
	at org.springframework.web.servlet.FrameworkServlet.doPost(FrameworkServlet.java:909)
	at javax.servlet.http.HttpServlet.service(HttpServlet.java:555)
	at org.springframework.web.servlet.FrameworkServlet.service(FrameworkServlet.java:883)
	at javax.servlet.http.HttpServlet.service(HttpServlet.java:623)
	at org.apache.catalina.core.ApplicationFilterChain.internalDoFilter(ApplicationFilterChain.java:209)
	at org.apache.catalina.core.ApplicationFilterChain.doFilter(ApplicationFilterChain.java:153)
	at org.apache.tomcat.websocket.server.WsFilter.doFilter(WsFilter.java:51)
	at org.apache.catalina.core.ApplicationFilterChain.internalDoFilter(ApplicationFilterChain.java:178)
	at org.apache.catalina.core.ApplicationFilterChain.doFilter(ApplicationFilterChain.java:153)
	at org.springframework.web.filter.CharacterEncodingFilter.doFilterInternal(CharacterEncodingFilter.java:201)
	at org.springframework.web.filter.OncePerRequestFilter.doFilter(OncePerRequestFilter.java:117)
	at org.apache.catalina.core.ApplicationFilterChain.internalDoFilter(ApplicationFilterChain.java:178)
	at org.apache.catalina.core.ApplicationFilterChain.doFilter(ApplicationFilterChain.java:153)
	at org.apache.catalina.core.StandardWrapperValve.invoke(StandardWrapperValve.java:168)
	at org.apache.catalina.core.StandardContextValve.invoke(StandardContextValve.java:90)
	at org.apache.catalina.authenticator.AuthenticatorBase.invoke(AuthenticatorBase.java:481)
	at org.apache.catalina.core.StandardHostValve.invoke(StandardHostValve.java:130)
	at org.apache.catalina.valves.ErrorReportValve.invoke(ErrorReportValve.java:93)
	at org.apache.catalina.valves.AbstractAccessLogValve.invoke(AbstractAccessLogValve.java:670)
	at org.apache.catalina.core.StandardEngineValve.invoke(StandardEngineValve.java:74)
	at org.apache.catalina.connector.CoyoteAdapter.service(CoyoteAdapter.java:342)
	at org.apache.coyote.http11.Http11Processor.service(Http11Processor.java:390)
	at org.apache.coyote.AbstractProcessorLight.process(AbstractProcessorLight.java:63)
	at org.apache.coyote.AbstractProtocol$ConnectionHandler.process(AbstractProtocol.java:928)
	at org.apache.tomcat.util.net.NioEndpoint$SocketProcessor.doRun(NioEndpoint.java:1794)
	at org.apache.tomcat.util.net.SocketProcessorBase.run(SocketProcessorBase.java:52)
	at org.apache.tomcat.util.threads.ThreadPoolExecutor.runWorker(ThreadPoolExecutor.java:1191)
	at org.apache.tomcat.util.threads.ThreadPoolExecutor$Worker.run(ThreadPoolExecutor.java:659)
	at org.apache.tomcat.util.threads.TaskThread$WrappingRunnable.run(TaskThread.java:61)
	at java.base/java.lang.Thread.run(Thread.java:834)
[11:30:33][INFO ][BoardController.java: 81] - breply.do : Board [boardNum=0, boardWriter=admin, boardTitle=ㄷ, boardContent=ㄷ, boardOriginalFileName=null, boardRenameFileName=null, boardRef=12, boardReplyRef=0, boardLev=2, boardReplySeq=1, boardReadCount=0, boardDate=null]
[11:30:33][ERROR][Slf4jSpyLogDelegator.java: 120] - 16. PreparedStatement.execute() update board
		set board_reply_seq = board_reply_seq + 1
		where board_ref = 12
		and board_lev = # { boardLev }
java.sql.SQLException: 해당 위치에 지원되지 않는 SQL92 토큰: 101
	at oracle.jdbc.driver.OracleSql.handleODBC(OracleSql.java:1430)
	at oracle.jdbc.driver.OracleSql.parse(OracleSql.java:1324)
	at oracle.jdbc.driver.OracleSql.getSql(OracleSql.java:306)
	at oracle.jdbc.driver.OracleSql.getSqlBytes(OracleSql.java:809)
	at oracle.jdbc.driver.T4CPreparedStatement.doOall8(T4CPreparedStatement.java:255)
	at oracle.jdbc.driver.T4CPreparedStatement.doOall8(T4CPreparedStatement.java:86)
	at oracle.jdbc.driver.T4CPreparedStatement.executeForRows(T4CPreparedStatement.java:928)
	at oracle.jdbc.driver.OracleStatement.doExecuteWithTimeout(OracleStatement.java:1136)
	at oracle.jdbc.driver.OraclePreparedStatement.executeInternal(OraclePreparedStatement.java:3640)
	at oracle.jdbc.driver.T4CPreparedStatement.executeInternal(T4CPreparedStatement.java:1384)
	at oracle.jdbc.driver.OraclePreparedStatement.execute(OraclePreparedStatement.java:3752)
	at oracle.jdbc.driver.OraclePreparedStatementWrapper.execute(OraclePreparedStatementWrapper.java:1079)
	at org.apache.commons.dbcp.DelegatingPreparedStatement.execute(DelegatingPreparedStatement.java:172)
	at org.apache.commons.dbcp.DelegatingPreparedStatement.execute(DelegatingPreparedStatement.java:172)
	at net.sf.log4jdbc.PreparedStatementSpy.execute(PreparedStatementSpy.java:418)
	at org.apache.ibatis.executor.statement.PreparedStatementHandler.update(PreparedStatementHandler.java:47)
	at org.apache.ibatis.executor.statement.RoutingStatementHandler.update(RoutingStatementHandler.java:74)
	at org.apache.ibatis.executor.SimpleExecutor.doUpdate(SimpleExecutor.java:50)
	at org.apache.ibatis.executor.BaseExecutor.update(BaseExecutor.java:117)
	at org.apache.ibatis.session.defaults.DefaultSqlSession.update(DefaultSqlSession.java:197)
	at java.base/jdk.internal.reflect.NativeMethodAccessorImpl.invoke0(Native Method)
	at java.base/jdk.internal.reflect.NativeMethodAccessorImpl.invoke(NativeMethodAccessorImpl.java:62)
	at java.base/jdk.internal.reflect.DelegatingMethodAccessorImpl.invoke(DelegatingMethodAccessorImpl.java:43)
	at java.base/java.lang.reflect.Method.invoke(Method.java:566)
	at org.mybatis.spring.SqlSessionTemplate$SqlSessionInterceptor.invoke(SqlSessionTemplate.java:427)
	at com.sun.proxy.$Proxy9.update(Unknown Source)
	at org.mybatis.spring.SqlSessionTemplate.update(SqlSessionTemplate.java:288)
	at org.myweb.first.board.model.dao.BoardDao.updateReplySeq(BoardDao.java:52)
	at org.myweb.first.board.model.service.BoardServiceImpl.updateReplySeq(BoardServiceImpl.java:49)
	at org.myweb.first.board.model.service.BoardServiceImpl$$FastClassBySpringCGLIB$$e942a2e3.invoke(<generated>)
	at org.springframework.cglib.proxy.MethodProxy.invoke(MethodProxy.java:218)
	at org.springframework.aop.framework.CglibAopProxy$CglibMethodInvocation.invokeJoinpoint(CglibAopProxy.java:793)
	at org.springframework.aop.framework.ReflectiveMethodInvocation.proceed(ReflectiveMethodInvocation.java:163)
	at org.springframework.aop.framework.CglibAopProxy$CglibMethodInvocation.proceed(CglibAopProxy.java:763)
	at org.springframework.transaction.interceptor.TransactionInterceptor$1.proceedWithInvocation(TransactionInterceptor.java:123)
	at org.springframework.transaction.interceptor.TransactionAspectSupport.invokeWithinTransaction(TransactionAspectSupport.java:388)
	at org.springframework.transaction.interceptor.TransactionInterceptor.invoke(TransactionInterceptor.java:119)
	at org.springframework.aop.framework.ReflectiveMethodInvocation.proceed(ReflectiveMethodInvocation.java:186)
	at org.springframework.aop.framework.CglibAopProxy$CglibMethodInvocation.proceed(CglibAopProxy.java:763)
	at org.springframework.aop.interceptor.ExposeInvocationInterceptor.invoke(ExposeInvocationInterceptor.java:97)
	at org.springframework.aop.framework.ReflectiveMethodInvocation.proceed(ReflectiveMethodInvocation.java:186)
	at org.springframework.aop.framework.CglibAopProxy$CglibMethodInvocation.proceed(CglibAopProxy.java:763)
	at org.springframework.aop.framework.CglibAopProxy$DynamicAdvisedInterceptor.intercept(CglibAopProxy.java:708)
	at org.myweb.first.board.model.service.BoardServiceImpl$$EnhancerBySpringCGLIB$$41ac6658.updateReplySeq(<generated>)
	at org.myweb.first.board.controller.BoardController.replyInsertMethod(BoardController.java:84)
	at java.base/jdk.internal.reflect.NativeMethodAccessorImpl.invoke0(Native Method)
	at java.base/jdk.internal.reflect.NativeMethodAccessorImpl.invoke(NativeMethodAccessorImpl.java:62)
	at java.base/jdk.internal.reflect.DelegatingMethodAccessorImpl.invoke(DelegatingMethodAccessorImpl.java:43)
	at java.base/java.lang.reflect.Method.invoke(Method.java:566)
	at org.springframework.web.method.support.InvocableHandlerMethod.doInvoke(InvocableHandlerMethod.java:205)
	at org.springframework.web.method.support.InvocableHandlerMethod.invokeForRequest(InvocableHandlerMethod.java:150)
	at org.springframework.web.servlet.mvc.method.annotation.ServletInvocableHandlerMethod.invokeAndHandle(ServletInvocableHandlerMethod.java:117)
	at org.springframework.web.servlet.mvc.method.annotation.RequestMappingHandlerAdapter.invokeHandlerMethod(RequestMappingHandlerAdapter.java:895)
	at org.springframework.web.servlet.mvc.method.annotation.RequestMappingHandlerAdapter.handleInternal(RequestMappingHandlerAdapter.java:808)
	at org.springframework.web.servlet.mvc.method.AbstractHandlerMethodAdapter.handle(AbstractHandlerMethodAdapter.java:87)
	at org.springframework.web.servlet.DispatcherServlet.doDispatch(DispatcherServlet.java:1067)
	at org.springframework.web.servlet.DispatcherServlet.doService(DispatcherServlet.java:963)
	at org.springframework.web.servlet.FrameworkServlet.processRequest(FrameworkServlet.java:1006)
	at org.springframework.web.servlet.FrameworkServlet.doPost(FrameworkServlet.java:909)
	at javax.servlet.http.HttpServlet.service(HttpServlet.java:555)
	at org.springframework.web.servlet.FrameworkServlet.service(FrameworkServlet.java:883)
	at javax.servlet.http.HttpServlet.service(HttpServlet.java:623)
	at org.apache.catalina.core.ApplicationFilterChain.internalDoFilter(ApplicationFilterChain.java:209)
	at org.apache.catalina.core.ApplicationFilterChain.doFilter(ApplicationFilterChain.java:153)
	at org.apache.tomcat.websocket.server.WsFilter.doFilter(WsFilter.java:51)
	at org.apache.catalina.core.ApplicationFilterChain.internalDoFilter(ApplicationFilterChain.java:178)
	at org.apache.catalina.core.ApplicationFilterChain.doFilter(ApplicationFilterChain.java:153)
	at org.springframework.web.filter.CharacterEncodingFilter.doFilterInternal(CharacterEncodingFilter.java:201)
	at org.springframework.web.filter.OncePerRequestFilter.doFilter(OncePerRequestFilter.java:117)
	at org.apache.catalina.core.ApplicationFilterChain.internalDoFilter(ApplicationFilterChain.java:178)
	at org.apache.catalina.core.ApplicationFilterChain.doFilter(ApplicationFilterChain.java:153)
	at org.apache.catalina.core.StandardWrapperValve.invoke(StandardWrapperValve.java:168)
	at org.apache.catalina.core.StandardContextValve.invoke(StandardContextValve.java:90)
	at org.apache.catalina.authenticator.AuthenticatorBase.invoke(AuthenticatorBase.java:481)
	at org.apache.catalina.core.StandardHostValve.invoke(StandardHostValve.java:130)
	at org.apache.catalina.valves.ErrorReportValve.invoke(ErrorReportValve.java:93)
	at org.apache.catalina.valves.AbstractAccessLogValve.invoke(AbstractAccessLogValve.java:670)
	at org.apache.catalina.core.StandardEngineValve.invoke(StandardEngineValve.java:74)
	at org.apache.catalina.connector.CoyoteAdapter.service(CoyoteAdapter.java:342)
	at org.apache.coyote.http11.Http11Processor.service(Http11Processor.java:390)
	at org.apache.coyote.AbstractProcessorLight.process(AbstractProcessorLight.java:63)
	at org.apache.coyote.AbstractProtocol$ConnectionHandler.process(AbstractProtocol.java:928)
	at org.apache.tomcat.util.net.NioEndpoint$SocketProcessor.doRun(NioEndpoint.java:1794)
	at org.apache.tomcat.util.net.SocketProcessorBase.run(SocketProcessorBase.java:52)
	at org.apache.tomcat.util.threads.ThreadPoolExecutor.runWorker(ThreadPoolExecutor.java:1191)
	at org.apache.tomcat.util.threads.ThreadPoolExecutor$Worker.run(ThreadPoolExecutor.java:659)
	at org.apache.tomcat.util.threads.TaskThread$WrappingRunnable.run(TaskThread.java:61)
	at java.base/java.lang.Thread.run(Thread.java:834)
[11:30:33][ERROR][Slf4jSpyLogDelegator.java: 139] - 16. PreparedStatement.execute() FAILED! update board
		set board_reply_seq = board_reply_seq + 1
		where board_ref = 12
		and board_lev = # { boardLev } {FAILED after 0 msec}
java.sql.SQLException: 해당 위치에 지원되지 않는 SQL92 토큰: 101
	at oracle.jdbc.driver.OracleSql.handleODBC(OracleSql.java:1430)
	at oracle.jdbc.driver.OracleSql.parse(OracleSql.java:1324)
	at oracle.jdbc.driver.OracleSql.getSql(OracleSql.java:306)
	at oracle.jdbc.driver.OracleSql.getSqlBytes(OracleSql.java:809)
	at oracle.jdbc.driver.T4CPreparedStatement.doOall8(T4CPreparedStatement.java:255)
	at oracle.jdbc.driver.T4CPreparedStatement.doOall8(T4CPreparedStatement.java:86)
	at oracle.jdbc.driver.T4CPreparedStatement.executeForRows(T4CPreparedStatement.java:928)
	at oracle.jdbc.driver.OracleStatement.doExecuteWithTimeout(OracleStatement.java:1136)
	at oracle.jdbc.driver.OraclePreparedStatement.executeInternal(OraclePreparedStatement.java:3640)
	at oracle.jdbc.driver.T4CPreparedStatement.executeInternal(T4CPreparedStatement.java:1384)
	at oracle.jdbc.driver.OraclePreparedStatement.execute(OraclePreparedStatement.java:3752)
	at oracle.jdbc.driver.OraclePreparedStatementWrapper.execute(OraclePreparedStatementWrapper.java:1079)
	at org.apache.commons.dbcp.DelegatingPreparedStatement.execute(DelegatingPreparedStatement.java:172)
	at org.apache.commons.dbcp.DelegatingPreparedStatement.execute(DelegatingPreparedStatement.java:172)
	at net.sf.log4jdbc.PreparedStatementSpy.execute(PreparedStatementSpy.java:418)
	at org.apache.ibatis.executor.statement.PreparedStatementHandler.update(PreparedStatementHandler.java:47)
	at org.apache.ibatis.executor.statement.RoutingStatementHandler.update(RoutingStatementHandler.java:74)
	at org.apache.ibatis.executor.SimpleExecutor.doUpdate(SimpleExecutor.java:50)
	at org.apache.ibatis.executor.BaseExecutor.update(BaseExecutor.java:117)
	at org.apache.ibatis.session.defaults.DefaultSqlSession.update(DefaultSqlSession.java:197)
	at java.base/jdk.internal.reflect.NativeMethodAccessorImpl.invoke0(Native Method)
	at java.base/jdk.internal.reflect.NativeMethodAccessorImpl.invoke(NativeMethodAccessorImpl.java:62)
	at java.base/jdk.internal.reflect.DelegatingMethodAccessorImpl.invoke(DelegatingMethodAccessorImpl.java:43)
	at java.base/java.lang.reflect.Method.invoke(Method.java:566)
	at org.mybatis.spring.SqlSessionTemplate$SqlSessionInterceptor.invoke(SqlSessionTemplate.java:427)
	at com.sun.proxy.$Proxy9.update(Unknown Source)
	at org.mybatis.spring.SqlSessionTemplate.update(SqlSessionTemplate.java:288)
	at org.myweb.first.board.model.dao.BoardDao.updateReplySeq(BoardDao.java:52)
	at org.myweb.first.board.model.service.BoardServiceImpl.updateReplySeq(BoardServiceImpl.java:49)
	at org.myweb.first.board.model.service.BoardServiceImpl$$FastClassBySpringCGLIB$$e942a2e3.invoke(<generated>)
	at org.springframework.cglib.proxy.MethodProxy.invoke(MethodProxy.java:218)
	at org.springframework.aop.framework.CglibAopProxy$CglibMethodInvocation.invokeJoinpoint(CglibAopProxy.java:793)
	at org.springframework.aop.framework.ReflectiveMethodInvocation.proceed(ReflectiveMethodInvocation.java:163)
	at org.springframework.aop.framework.CglibAopProxy$CglibMethodInvocation.proceed(CglibAopProxy.java:763)
	at org.springframework.transaction.interceptor.TransactionInterceptor$1.proceedWithInvocation(TransactionInterceptor.java:123)
	at org.springframework.transaction.interceptor.TransactionAspectSupport.invokeWithinTransaction(TransactionAspectSupport.java:388)
	at org.springframework.transaction.interceptor.TransactionInterceptor.invoke(TransactionInterceptor.java:119)
	at org.springframework.aop.framework.ReflectiveMethodInvocation.proceed(ReflectiveMethodInvocation.java:186)
	at org.springframework.aop.framework.CglibAopProxy$CglibMethodInvocation.proceed(CglibAopProxy.java:763)
	at org.springframework.aop.interceptor.ExposeInvocationInterceptor.invoke(ExposeInvocationInterceptor.java:97)
	at org.springframework.aop.framework.ReflectiveMethodInvocation.proceed(ReflectiveMethodInvocation.java:186)
	at org.springframework.aop.framework.CglibAopProxy$CglibMethodInvocation.proceed(CglibAopProxy.java:763)
	at org.springframework.aop.framework.CglibAopProxy$DynamicAdvisedInterceptor.intercept(CglibAopProxy.java:708)
	at org.myweb.first.board.model.service.BoardServiceImpl$$EnhancerBySpringCGLIB$$41ac6658.updateReplySeq(<generated>)
	at org.myweb.first.board.controller.BoardController.replyInsertMethod(BoardController.java:84)
	at java.base/jdk.internal.reflect.NativeMethodAccessorImpl.invoke0(Native Method)
	at java.base/jdk.internal.reflect.NativeMethodAccessorImpl.invoke(NativeMethodAccessorImpl.java:62)
	at java.base/jdk.internal.reflect.DelegatingMethodAccessorImpl.invoke(DelegatingMethodAccessorImpl.java:43)
	at java.base/java.lang.reflect.Method.invoke(Method.java:566)
	at org.springframework.web.method.support.InvocableHandlerMethod.doInvoke(InvocableHandlerMethod.java:205)
	at org.springframework.web.method.support.InvocableHandlerMethod.invokeForRequest(InvocableHandlerMethod.java:150)
	at org.springframework.web.servlet.mvc.method.annotation.ServletInvocableHandlerMethod.invokeAndHandle(ServletInvocableHandlerMethod.java:117)
	at org.springframework.web.servlet.mvc.method.annotation.RequestMappingHandlerAdapter.invokeHandlerMethod(RequestMappingHandlerAdapter.java:895)
	at org.springframework.web.servlet.mvc.method.annotation.RequestMappingHandlerAdapter.handleInternal(RequestMappingHandlerAdapter.java:808)
	at org.springframework.web.servlet.mvc.method.AbstractHandlerMethodAdapter.handle(AbstractHandlerMethodAdapter.java:87)
	at org.springframework.web.servlet.DispatcherServlet.doDispatch(DispatcherServlet.java:1067)
	at org.springframework.web.servlet.DispatcherServlet.doService(DispatcherServlet.java:963)
	at org.springframework.web.servlet.FrameworkServlet.processRequest(FrameworkServlet.java:1006)
	at org.springframework.web.servlet.FrameworkServlet.doPost(FrameworkServlet.java:909)
	at javax.servlet.http.HttpServlet.service(HttpServlet.java:555)
	at org.springframework.web.servlet.FrameworkServlet.service(FrameworkServlet.java:883)
	at javax.servlet.http.HttpServlet.service(HttpServlet.java:623)
	at org.apache.catalina.core.ApplicationFilterChain.internalDoFilter(ApplicationFilterChain.java:209)
	at org.apache.catalina.core.ApplicationFilterChain.doFilter(ApplicationFilterChain.java:153)
	at org.apache.tomcat.websocket.server.WsFilter.doFilter(WsFilter.java:51)
	at org.apache.catalina.core.ApplicationFilterChain.internalDoFilter(ApplicationFilterChain.java:178)
	at org.apache.catalina.core.ApplicationFilterChain.doFilter(ApplicationFilterChain.java:153)
	at org.springframework.web.filter.CharacterEncodingFilter.doFilterInternal(CharacterEncodingFilter.java:201)
	at org.springframework.web.filter.OncePerRequestFilter.doFilter(OncePerRequestFilter.java:117)
	at org.apache.catalina.core.ApplicationFilterChain.internalDoFilter(ApplicationFilterChain.java:178)
	at org.apache.catalina.core.ApplicationFilterChain.doFilter(ApplicationFilterChain.java:153)
	at org.apache.catalina.core.StandardWrapperValve.invoke(StandardWrapperValve.java:168)
	at org.apache.catalina.core.StandardContextValve.invoke(StandardContextValve.java:90)
	at org.apache.catalina.authenticator.AuthenticatorBase.invoke(AuthenticatorBase.java:481)
	at org.apache.catalina.core.StandardHostValve.invoke(StandardHostValve.java:130)
	at org.apache.catalina.valves.ErrorReportValve.invoke(ErrorReportValve.java:93)
	at org.apache.catalina.valves.AbstractAccessLogValve.invoke(AbstractAccessLogValve.java:670)
	at org.apache.catalina.core.StandardEngineValve.invoke(StandardEngineValve.java:74)
	at org.apache.catalina.connector.CoyoteAdapter.service(CoyoteAdapter.java:342)
	at org.apache.coyote.http11.Http11Processor.service(Http11Processor.java:390)
	at org.apache.coyote.AbstractProcessorLight.process(AbstractProcessorLight.java:63)
	at org.apache.coyote.AbstractProtocol$ConnectionHandler.process(AbstractProtocol.java:928)
	at org.apache.tomcat.util.net.NioEndpoint$SocketProcessor.doRun(NioEndpoint.java:1794)
	at org.apache.tomcat.util.net.SocketProcessorBase.run(SocketProcessorBase.java:52)
	at org.apache.tomcat.util.threads.ThreadPoolExecutor.runWorker(ThreadPoolExecutor.java:1191)
	at org.apache.tomcat.util.threads.ThreadPoolExecutor$Worker.run(ThreadPoolExecutor.java:659)
	at org.apache.tomcat.util.threads.TaskThread$WrappingRunnable.run(TaskThread.java:61)
	at java.base/java.lang.Thread.run(Thread.java:834)
[11:30:45][INFO ][ContextLoader.java: 271] - Root WebApplicationContext: initialization started
[11:30:46][INFO ][ContextLoader.java: 307] - Root WebApplicationContext initialized in 900 ms
[11:30:46][INFO ][FrameworkServlet.java: 525] - Initializing Servlet 'appServlet'
[11:30:47][INFO ][FrameworkServlet.java: 547] - Completed initialization in 840 ms
[11:30:50][INFO ][BoardController.java: 81] - breply.do : Board [boardNum=0, boardWriter=admin, boardTitle=ㄷ, boardContent=ㄷ, boardOriginalFileName=null, boardRenameFileName=null, boardRef=12, boardReplyRef=0, boardLev=2, boardReplySeq=1, boardReadCount=0, boardDate=null]
[11:30:54][INFO ][LoginCheckIntercepter.java: 29] - 로그인 상태 : /first/breplyform.do 요청
[11:31:01][INFO ][BoardController.java: 81] - breply.do : Board [boardNum=0, boardWriter=admin, boardTitle=ㄷㄷ, boardContent=ㄷㄷ, boardOriginalFileName=null, boardRenameFileName=null, boardRef=12, boardReplyRef=17, boardLev=3, boardReplySeq=1, boardReadCount=0, boardDate=null]
[11:31:01][ERROR][Slf4jSpyLogDelegator.java: 120] - 9. PreparedStatement.execute() update board
		set board_reply_seq = board_reply_seq + 1
		where board_ref = 12
		and board_lev = # { boardLev } 
		and board_reply_ref = 17
java.sql.SQLException: 해당 위치에 지원되지 않는 SQL92 토큰: 101
	at oracle.jdbc.driver.OracleSql.handleODBC(OracleSql.java:1430)
	at oracle.jdbc.driver.OracleSql.parse(OracleSql.java:1324)
	at oracle.jdbc.driver.OracleSql.getSql(OracleSql.java:306)
	at oracle.jdbc.driver.OracleSql.getSqlBytes(OracleSql.java:809)
	at oracle.jdbc.driver.T4CPreparedStatement.doOall8(T4CPreparedStatement.java:255)
	at oracle.jdbc.driver.T4CPreparedStatement.doOall8(T4CPreparedStatement.java:86)
	at oracle.jdbc.driver.T4CPreparedStatement.executeForRows(T4CPreparedStatement.java:928)
	at oracle.jdbc.driver.OracleStatement.doExecuteWithTimeout(OracleStatement.java:1136)
	at oracle.jdbc.driver.OraclePreparedStatement.executeInternal(OraclePreparedStatement.java:3640)
	at oracle.jdbc.driver.T4CPreparedStatement.executeInternal(T4CPreparedStatement.java:1384)
	at oracle.jdbc.driver.OraclePreparedStatement.execute(OraclePreparedStatement.java:3752)
	at oracle.jdbc.driver.OraclePreparedStatementWrapper.execute(OraclePreparedStatementWrapper.java:1079)
	at org.apache.commons.dbcp.DelegatingPreparedStatement.execute(DelegatingPreparedStatement.java:172)
	at org.apache.commons.dbcp.DelegatingPreparedStatement.execute(DelegatingPreparedStatement.java:172)
	at net.sf.log4jdbc.PreparedStatementSpy.execute(PreparedStatementSpy.java:418)
	at org.apache.ibatis.executor.statement.PreparedStatementHandler.update(PreparedStatementHandler.java:47)
	at org.apache.ibatis.executor.statement.RoutingStatementHandler.update(RoutingStatementHandler.java:74)
	at org.apache.ibatis.executor.SimpleExecutor.doUpdate(SimpleExecutor.java:50)
	at org.apache.ibatis.executor.BaseExecutor.update(BaseExecutor.java:117)
	at org.apache.ibatis.session.defaults.DefaultSqlSession.update(DefaultSqlSession.java:197)
	at java.base/jdk.internal.reflect.NativeMethodAccessorImpl.invoke0(Native Method)
	at java.base/jdk.internal.reflect.NativeMethodAccessorImpl.invoke(NativeMethodAccessorImpl.java:62)
	at java.base/jdk.internal.reflect.DelegatingMethodAccessorImpl.invoke(DelegatingMethodAccessorImpl.java:43)
	at java.base/java.lang.reflect.Method.invoke(Method.java:566)
	at org.mybatis.spring.SqlSessionTemplate$SqlSessionInterceptor.invoke(SqlSessionTemplate.java:427)
	at com.sun.proxy.$Proxy9.update(Unknown Source)
	at org.mybatis.spring.SqlSessionTemplate.update(SqlSessionTemplate.java:288)
	at org.myweb.first.board.model.dao.BoardDao.updateReplySeq(BoardDao.java:55)
	at org.myweb.first.board.model.service.BoardServiceImpl.updateReplySeq(BoardServiceImpl.java:49)
	at org.myweb.first.board.model.service.BoardServiceImpl$$FastClassBySpringCGLIB$$e942a2e3.invoke(<generated>)
	at org.springframework.cglib.proxy.MethodProxy.invoke(MethodProxy.java:218)
	at org.springframework.aop.framework.CglibAopProxy$CglibMethodInvocation.invokeJoinpoint(CglibAopProxy.java:793)
	at org.springframework.aop.framework.ReflectiveMethodInvocation.proceed(ReflectiveMethodInvocation.java:163)
	at org.springframework.aop.framework.CglibAopProxy$CglibMethodInvocation.proceed(CglibAopProxy.java:763)
	at org.springframework.transaction.interceptor.TransactionInterceptor$1.proceedWithInvocation(TransactionInterceptor.java:123)
	at org.springframework.transaction.interceptor.TransactionAspectSupport.invokeWithinTransaction(TransactionAspectSupport.java:388)
	at org.springframework.transaction.interceptor.TransactionInterceptor.invoke(TransactionInterceptor.java:119)
	at org.springframework.aop.framework.ReflectiveMethodInvocation.proceed(ReflectiveMethodInvocation.java:186)
	at org.springframework.aop.framework.CglibAopProxy$CglibMethodInvocation.proceed(CglibAopProxy.java:763)
	at org.springframework.aop.interceptor.ExposeInvocationInterceptor.invoke(ExposeInvocationInterceptor.java:97)
	at org.springframework.aop.framework.ReflectiveMethodInvocation.proceed(ReflectiveMethodInvocation.java:186)
	at org.springframework.aop.framework.CglibAopProxy$CglibMethodInvocation.proceed(CglibAopProxy.java:763)
	at org.springframework.aop.framework.CglibAopProxy$DynamicAdvisedInterceptor.intercept(CglibAopProxy.java:708)
	at org.myweb.first.board.model.service.BoardServiceImpl$$EnhancerBySpringCGLIB$$41ac6658.updateReplySeq(<generated>)
	at org.myweb.first.board.controller.BoardController.replyInsertMethod(BoardController.java:84)
	at java.base/jdk.internal.reflect.NativeMethodAccessorImpl.invoke0(Native Method)
	at java.base/jdk.internal.reflect.NativeMethodAccessorImpl.invoke(NativeMethodAccessorImpl.java:62)
	at java.base/jdk.internal.reflect.DelegatingMethodAccessorImpl.invoke(DelegatingMethodAccessorImpl.java:43)
	at java.base/java.lang.reflect.Method.invoke(Method.java:566)
	at org.springframework.web.method.support.InvocableHandlerMethod.doInvoke(InvocableHandlerMethod.java:205)
	at org.springframework.web.method.support.InvocableHandlerMethod.invokeForRequest(InvocableHandlerMethod.java:150)
	at org.springframework.web.servlet.mvc.method.annotation.ServletInvocableHandlerMethod.invokeAndHandle(ServletInvocableHandlerMethod.java:117)
	at org.springframework.web.servlet.mvc.method.annotation.RequestMappingHandlerAdapter.invokeHandlerMethod(RequestMappingHandlerAdapter.java:895)
	at org.springframework.web.servlet.mvc.method.annotation.RequestMappingHandlerAdapter.handleInternal(RequestMappingHandlerAdapter.java:808)
	at org.springframework.web.servlet.mvc.method.AbstractHandlerMethodAdapter.handle(AbstractHandlerMethodAdapter.java:87)
	at org.springframework.web.servlet.DispatcherServlet.doDispatch(DispatcherServlet.java:1067)
	at org.springframework.web.servlet.DispatcherServlet.doService(DispatcherServlet.java:963)
	at org.springframework.web.servlet.FrameworkServlet.processRequest(FrameworkServlet.java:1006)
	at org.springframework.web.servlet.FrameworkServlet.doPost(FrameworkServlet.java:909)
	at javax.servlet.http.HttpServlet.service(HttpServlet.java:555)
	at org.springframework.web.servlet.FrameworkServlet.service(FrameworkServlet.java:883)
	at javax.servlet.http.HttpServlet.service(HttpServlet.java:623)
	at org.apache.catalina.core.ApplicationFilterChain.internalDoFilter(ApplicationFilterChain.java:209)
	at org.apache.catalina.core.ApplicationFilterChain.doFilter(ApplicationFilterChain.java:153)
	at org.apache.tomcat.websocket.server.WsFilter.doFilter(WsFilter.java:51)
	at org.apache.catalina.core.ApplicationFilterChain.internalDoFilter(ApplicationFilterChain.java:178)
	at org.apache.catalina.core.ApplicationFilterChain.doFilter(ApplicationFilterChain.java:153)
	at org.springframework.web.filter.CharacterEncodingFilter.doFilterInternal(CharacterEncodingFilter.java:201)
	at org.springframework.web.filter.OncePerRequestFilter.doFilter(OncePerRequestFilter.java:117)
	at org.apache.catalina.core.ApplicationFilterChain.internalDoFilter(ApplicationFilterChain.java:178)
	at org.apache.catalina.core.ApplicationFilterChain.doFilter(ApplicationFilterChain.java:153)
	at org.apache.catalina.core.StandardWrapperValve.invoke(StandardWrapperValve.java:168)
	at org.apache.catalina.core.StandardContextValve.invoke(StandardContextValve.java:90)
	at org.apache.catalina.authenticator.AuthenticatorBase.invoke(AuthenticatorBase.java:481)
	at org.apache.catalina.core.StandardHostValve.invoke(StandardHostValve.java:130)
	at org.apache.catalina.valves.ErrorReportValve.invoke(ErrorReportValve.java:93)
	at org.apache.catalina.valves.AbstractAccessLogValve.invoke(AbstractAccessLogValve.java:670)
	at org.apache.catalina.core.StandardEngineValve.invoke(StandardEngineValve.java:74)
	at org.apache.catalina.connector.CoyoteAdapter.service(CoyoteAdapter.java:342)
	at org.apache.coyote.http11.Http11Processor.service(Http11Processor.java:390)
	at org.apache.coyote.AbstractProcessorLight.process(AbstractProcessorLight.java:63)
	at org.apache.coyote.AbstractProtocol$ConnectionHandler.process(AbstractProtocol.java:928)
	at org.apache.tomcat.util.net.NioEndpoint$SocketProcessor.doRun(NioEndpoint.java:1794)
	at org.apache.tomcat.util.net.SocketProcessorBase.run(SocketProcessorBase.java:52)
	at org.apache.tomcat.util.threads.ThreadPoolExecutor.runWorker(ThreadPoolExecutor.java:1191)
	at org.apache.tomcat.util.threads.ThreadPoolExecutor$Worker.run(ThreadPoolExecutor.java:659)
	at org.apache.tomcat.util.threads.TaskThread$WrappingRunnable.run(TaskThread.java:61)
	at java.base/java.lang.Thread.run(Thread.java:834)
[11:31:01][ERROR][Slf4jSpyLogDelegator.java: 139] - 9. PreparedStatement.execute() FAILED! update board
		set board_reply_seq = board_reply_seq + 1
		where board_ref = 12
		and board_lev = # { boardLev } 
		and board_reply_ref = 17 {FAILED after 0 msec}
java.sql.SQLException: 해당 위치에 지원되지 않는 SQL92 토큰: 101
	at oracle.jdbc.driver.OracleSql.handleODBC(OracleSql.java:1430)
	at oracle.jdbc.driver.OracleSql.parse(OracleSql.java:1324)
	at oracle.jdbc.driver.OracleSql.getSql(OracleSql.java:306)
	at oracle.jdbc.driver.OracleSql.getSqlBytes(OracleSql.java:809)
	at oracle.jdbc.driver.T4CPreparedStatement.doOall8(T4CPreparedStatement.java:255)
	at oracle.jdbc.driver.T4CPreparedStatement.doOall8(T4CPreparedStatement.java:86)
	at oracle.jdbc.driver.T4CPreparedStatement.executeForRows(T4CPreparedStatement.java:928)
	at oracle.jdbc.driver.OracleStatement.doExecuteWithTimeout(OracleStatement.java:1136)
	at oracle.jdbc.driver.OraclePreparedStatement.executeInternal(OraclePreparedStatement.java:3640)
	at oracle.jdbc.driver.T4CPreparedStatement.executeInternal(T4CPreparedStatement.java:1384)
	at oracle.jdbc.driver.OraclePreparedStatement.execute(OraclePreparedStatement.java:3752)
	at oracle.jdbc.driver.OraclePreparedStatementWrapper.execute(OraclePreparedStatementWrapper.java:1079)
	at org.apache.commons.dbcp.DelegatingPreparedStatement.execute(DelegatingPreparedStatement.java:172)
	at org.apache.commons.dbcp.DelegatingPreparedStatement.execute(DelegatingPreparedStatement.java:172)
	at net.sf.log4jdbc.PreparedStatementSpy.execute(PreparedStatementSpy.java:418)
	at org.apache.ibatis.executor.statement.PreparedStatementHandler.update(PreparedStatementHandler.java:47)
	at org.apache.ibatis.executor.statement.RoutingStatementHandler.update(RoutingStatementHandler.java:74)
	at org.apache.ibatis.executor.SimpleExecutor.doUpdate(SimpleExecutor.java:50)
	at org.apache.ibatis.executor.BaseExecutor.update(BaseExecutor.java:117)
	at org.apache.ibatis.session.defaults.DefaultSqlSession.update(DefaultSqlSession.java:197)
	at java.base/jdk.internal.reflect.NativeMethodAccessorImpl.invoke0(Native Method)
	at java.base/jdk.internal.reflect.NativeMethodAccessorImpl.invoke(NativeMethodAccessorImpl.java:62)
	at java.base/jdk.internal.reflect.DelegatingMethodAccessorImpl.invoke(DelegatingMethodAccessorImpl.java:43)
	at java.base/java.lang.reflect.Method.invoke(Method.java:566)
	at org.mybatis.spring.SqlSessionTemplate$SqlSessionInterceptor.invoke(SqlSessionTemplate.java:427)
	at com.sun.proxy.$Proxy9.update(Unknown Source)
	at org.mybatis.spring.SqlSessionTemplate.update(SqlSessionTemplate.java:288)
	at org.myweb.first.board.model.dao.BoardDao.updateReplySeq(BoardDao.java:55)
	at org.myweb.first.board.model.service.BoardServiceImpl.updateReplySeq(BoardServiceImpl.java:49)
	at org.myweb.first.board.model.service.BoardServiceImpl$$FastClassBySpringCGLIB$$e942a2e3.invoke(<generated>)
	at org.springframework.cglib.proxy.MethodProxy.invoke(MethodProxy.java:218)
	at org.springframework.aop.framework.CglibAopProxy$CglibMethodInvocation.invokeJoinpoint(CglibAopProxy.java:793)
	at org.springframework.aop.framework.ReflectiveMethodInvocation.proceed(ReflectiveMethodInvocation.java:163)
	at org.springframework.aop.framework.CglibAopProxy$CglibMethodInvocation.proceed(CglibAopProxy.java:763)
	at org.springframework.transaction.interceptor.TransactionInterceptor$1.proceedWithInvocation(TransactionInterceptor.java:123)
	at org.springframework.transaction.interceptor.TransactionAspectSupport.invokeWithinTransaction(TransactionAspectSupport.java:388)
	at org.springframework.transaction.interceptor.TransactionInterceptor.invoke(TransactionInterceptor.java:119)
	at org.springframework.aop.framework.ReflectiveMethodInvocation.proceed(ReflectiveMethodInvocation.java:186)
	at org.springframework.aop.framework.CglibAopProxy$CglibMethodInvocation.proceed(CglibAopProxy.java:763)
	at org.springframework.aop.interceptor.ExposeInvocationInterceptor.invoke(ExposeInvocationInterceptor.java:97)
	at org.springframework.aop.framework.ReflectiveMethodInvocation.proceed(ReflectiveMethodInvocation.java:186)
	at org.springframework.aop.framework.CglibAopProxy$CglibMethodInvocation.proceed(CglibAopProxy.java:763)
	at org.springframework.aop.framework.CglibAopProxy$DynamicAdvisedInterceptor.intercept(CglibAopProxy.java:708)
	at org.myweb.first.board.model.service.BoardServiceImpl$$EnhancerBySpringCGLIB$$41ac6658.updateReplySeq(<generated>)
	at org.myweb.first.board.controller.BoardController.replyInsertMethod(BoardController.java:84)
	at java.base/jdk.internal.reflect.NativeMethodAccessorImpl.invoke0(Native Method)
	at java.base/jdk.internal.reflect.NativeMethodAccessorImpl.invoke(NativeMethodAccessorImpl.java:62)
	at java.base/jdk.internal.reflect.DelegatingMethodAccessorImpl.invoke(DelegatingMethodAccessorImpl.java:43)
	at java.base/java.lang.reflect.Method.invoke(Method.java:566)
	at org.springframework.web.method.support.InvocableHandlerMethod.doInvoke(InvocableHandlerMethod.java:205)
	at org.springframework.web.method.support.InvocableHandlerMethod.invokeForRequest(InvocableHandlerMethod.java:150)
	at org.springframework.web.servlet.mvc.method.annotation.ServletInvocableHandlerMethod.invokeAndHandle(ServletInvocableHandlerMethod.java:117)
	at org.springframework.web.servlet.mvc.method.annotation.RequestMappingHandlerAdapter.invokeHandlerMethod(RequestMappingHandlerAdapter.java:895)
	at org.springframework.web.servlet.mvc.method.annotation.RequestMappingHandlerAdapter.handleInternal(RequestMappingHandlerAdapter.java:808)
	at org.springframework.web.servlet.mvc.method.AbstractHandlerMethodAdapter.handle(AbstractHandlerMethodAdapter.java:87)
	at org.springframework.web.servlet.DispatcherServlet.doDispatch(DispatcherServlet.java:1067)
	at org.springframework.web.servlet.DispatcherServlet.doService(DispatcherServlet.java:963)
	at org.springframework.web.servlet.FrameworkServlet.processRequest(FrameworkServlet.java:1006)
	at org.springframework.web.servlet.FrameworkServlet.doPost(FrameworkServlet.java:909)
	at javax.servlet.http.HttpServlet.service(HttpServlet.java:555)
	at org.springframework.web.servlet.FrameworkServlet.service(FrameworkServlet.java:883)
	at javax.servlet.http.HttpServlet.service(HttpServlet.java:623)
	at org.apache.catalina.core.ApplicationFilterChain.internalDoFilter(ApplicationFilterChain.java:209)
	at org.apache.catalina.core.ApplicationFilterChain.doFilter(ApplicationFilterChain.java:153)
	at org.apache.tomcat.websocket.server.WsFilter.doFilter(WsFilter.java:51)
	at org.apache.catalina.core.ApplicationFilterChain.internalDoFilter(ApplicationFilterChain.java:178)
	at org.apache.catalina.core.ApplicationFilterChain.doFilter(ApplicationFilterChain.java:153)
	at org.springframework.web.filter.CharacterEncodingFilter.doFilterInternal(CharacterEncodingFilter.java:201)
	at org.springframework.web.filter.OncePerRequestFilter.doFilter(OncePerRequestFilter.java:117)
	at org.apache.catalina.core.ApplicationFilterChain.internalDoFilter(ApplicationFilterChain.java:178)
	at org.apache.catalina.core.ApplicationFilterChain.doFilter(ApplicationFilterChain.java:153)
	at org.apache.catalina.core.StandardWrapperValve.invoke(StandardWrapperValve.java:168)
	at org.apache.catalina.core.StandardContextValve.invoke(StandardContextValve.java:90)
	at org.apache.catalina.authenticator.AuthenticatorBase.invoke(AuthenticatorBase.java:481)
	at org.apache.catalina.core.StandardHostValve.invoke(StandardHostValve.java:130)
	at org.apache.catalina.valves.ErrorReportValve.invoke(ErrorReportValve.java:93)
	at org.apache.catalina.valves.AbstractAccessLogValve.invoke(AbstractAccessLogValve.java:670)
	at org.apache.catalina.core.StandardEngineValve.invoke(StandardEngineValve.java:74)
	at org.apache.catalina.connector.CoyoteAdapter.service(CoyoteAdapter.java:342)
	at org.apache.coyote.http11.Http11Processor.service(Http11Processor.java:390)
	at org.apache.coyote.AbstractProcessorLight.process(AbstractProcessorLight.java:63)
	at org.apache.coyote.AbstractProtocol$ConnectionHandler.process(AbstractProtocol.java:928)
	at org.apache.tomcat.util.net.NioEndpoint$SocketProcessor.doRun(NioEndpoint.java:1794)
	at org.apache.tomcat.util.net.SocketProcessorBase.run(SocketProcessorBase.java:52)
	at org.apache.tomcat.util.threads.ThreadPoolExecutor.runWorker(ThreadPoolExecutor.java:1191)
	at org.apache.tomcat.util.threads.ThreadPoolExecutor$Worker.run(ThreadPoolExecutor.java:659)
	at org.apache.tomcat.util.threads.TaskThread$WrappingRunnable.run(TaskThread.java:61)
	at java.base/java.lang.Thread.run(Thread.java:834)
[11:31:16][INFO ][ContextLoader.java: 271] - Root WebApplicationContext: initialization started
[11:31:17][INFO ][ContextLoader.java: 307] - Root WebApplicationContext initialized in 884 ms
[11:31:17][INFO ][FrameworkServlet.java: 525] - Initializing Servlet 'appServlet'
[11:31:18][INFO ][FrameworkServlet.java: 547] - Completed initialization in 824 ms
[11:31:21][INFO ][BoardController.java: 81] - breply.do : Board [boardNum=0, boardWriter=admin, boardTitle=ㄷㄷ, boardContent=ㄷㄷ, boardOriginalFileName=null, boardRenameFileName=null, boardRef=12, boardReplyRef=17, boardLev=3, boardReplySeq=1, boardReadCount=0, boardDate=null]
[11:35:34][WARN ][DispatcherServlet.java: 1278] - No mapping for GET /first/bdown.do
[11:37:50][INFO ][ContextLoader.java: 271] - Root WebApplicationContext: initialization started
[11:37:51][INFO ][ContextLoader.java: 307] - Root WebApplicationContext initialized in 887 ms
[11:37:51][INFO ][FrameworkServlet.java: 525] - Initializing Servlet 'appServlet'
[11:37:52][INFO ][FrameworkServlet.java: 547] - Completed initialization in 848 ms
[11:37:56][WARN ][DispatcherServlet.java: 1278] - No mapping for GET /first/bupview.do
[11:38:38][INFO ][MemberController.java: 357] - action은gender
[11:38:40][INFO ][MemberController.java: 357] - action은gender
[11:38:41][INFO ][MemberController.java: 357] - action은gender
[11:38:42][INFO ][MemberController.java: 357] - action은gender
[11:38:43][INFO ][MemberController.java: 357] - action은gender
[11:38:44][INFO ][MemberController.java: 357] - action은gender
[11:38:46][INFO ][MemberController.java: 357] - action은gender
[11:38:48][INFO ][MemberController.java: 357] - action은null
[11:43:50][INFO ][ContextLoader.java: 271] - Root WebApplicationContext: initialization started
[11:43:51][INFO ][ContextLoader.java: 307] - Root WebApplicationContext initialized in 886 ms
[11:43:51][INFO ][FrameworkServlet.java: 525] - Initializing Servlet 'appServlet'
[11:43:52][INFO ][FrameworkServlet.java: 547] - Completed initialization in 845 ms
[11:44:00][INFO ][MemberController.java: 357] - action은gender
[11:44:01][INFO ][MemberController.java: 357] - action은gender
[11:44:01][INFO ][MemberController.java: 357] - action은gender
[11:44:02][INFO ][MemberController.java: 357] - action은gender
[11:44:02][INFO ][MemberController.java: 357] - action은gender
[11:44:04][INFO ][MemberController.java: 357] - action은gender
[11:44:04][INFO ][MemberController.java: 357] - action은gender
[11:44:04][INFO ][MemberController.java: 357] - action은gender
[11:44:05][INFO ][MemberController.java: 357] - action은gender
[11:44:05][INFO ][MemberController.java: 357] - action은gender
[11:44:05][INFO ][MemberController.java: 357] - action은gender
[11:44:06][INFO ][MemberController.java: 357] - action은gender
[11:44:06][INFO ][MemberController.java: 357] - action은gender
[11:44:07][INFO ][MemberController.java: 357] - action은gender
[11:44:08][INFO ][MemberController.java: 357] - action은gender
[11:44:10][INFO ][MemberController.java: 357] - action은gender
[11:44:11][INFO ][MemberController.java: 357] - action은gender
[11:44:17][INFO ][MemberController.java: 357] - action은gender
[11:44:28][INFO ][MemberController.java: 357] - action은gender
[11:44:33][INFO ][MemberController.java: 357] - action은gender
[11:44:35][INFO ][MemberController.java: 357] - action은gender
[11:44:36][INFO ][MemberController.java: 357] - action은gender
[11:44:39][INFO ][MemberController.java: 357] - action은gender
[11:45:51][INFO ][MemberController.java: 357] - action은gender
[11:45:51][INFO ][MemberController.java: 357] - action은gender
[11:45:52][INFO ][MemberController.java: 357] - action은gender
[11:45:53][INFO ][MemberController.java: 357] - action은gender
[11:45:55][INFO ][MemberController.java: 357] - action은gender
[11:45:58][INFO ][MemberController.java: 357] - action은gender
[11:55:10][INFO ][ContextLoader.java: 271] - Root WebApplicationContext: initialization started
[11:55:11][INFO ][ContextLoader.java: 307] - Root WebApplicationContext initialized in 911 ms
[11:55:11][INFO ][FrameworkServlet.java: 525] - Initializing Servlet 'appServlet'
[11:55:12][INFO ][FrameworkServlet.java: 547] - Completed initialization in 868 ms
[11:55:18][INFO ][MemberController.java: 357] - action은gender
[11:55:19][INFO ][MemberController.java: 357] - action은gender
[11:55:20][INFO ][MemberController.java: 357] - action은gender
[11:55:22][INFO ][MemberController.java: 357] - action은gender
[11:55:23][INFO ][MemberController.java: 357] - action은gender
[11:55:26][INFO ][MemberController.java: 357] - action은age
[11:55:27][INFO ][MemberController.java: 357] - action은age
[11:55:33][INFO ][MemberController.java: 357] - action은loginok
[11:55:34][INFO ][MemberController.java: 357] - action은loginok
[11:55:36][INFO ][MemberController.java: 357] - action은null
[12:07:01][INFO ][ContextLoader.java: 271] - Root WebApplicationContext: initialization started
[12:07:02][INFO ][ContextLoader.java: 307] - Root WebApplicationContext initialized in 875 ms
[12:07:02][INFO ][FrameworkServlet.java: 525] - Initializing Servlet 'appServlet'
[12:07:03][INFO ][FrameworkServlet.java: 547] - Completed initialization in 885 ms
[12:07:17][INFO ][MemberController.java: 357] - action은gender
[12:07:18][INFO ][MemberController.java: 357] - action은gender
[12:07:18][INFO ][MemberController.java: 357] - action은gender
[12:07:24][INFO ][MemberController.java: 357] - action은loginok
[12:07:25][INFO ][MemberController.java: 357] - action은loginok
[12:07:26][INFO ][MemberController.java: 357] - action은loginok
[12:07:28][INFO ][MemberController.java: 357] - action은loginok
[12:07:28][INFO ][MemberController.java: 357] - action은loginok
[12:07:29][INFO ][MemberController.java: 357] - action은loginok
[12:07:30][INFO ][MemberController.java: 357] - action은loginok
[12:39:44][INFO ][ContextLoader.java: 271] - Root WebApplicationContext: initialization started
[12:39:45][INFO ][ContextLoader.java: 307] - Root WebApplicationContext initialized in 900 ms
[12:39:45][INFO ][FrameworkServlet.java: 525] - Initializing Servlet 'appServlet'
[12:39:46][INFO ][FrameworkServlet.java: 547] - Completed initialization in 859 ms
[12:39:58][INFO ][MemberController.java: 357] - action은gender
[12:40:01][INFO ][MemberController.java: 357] - action은gender
[12:42:07][INFO ][MemberController.java: 357] - action은null
[12:42:12][WARN ][DispatcherServlet.java: 1278] - No mapping for GET /first/moveAjax.do
[12:57:01][INFO ][ContextLoader.java: 271] - Root WebApplicationContext: initialization started
[12:57:02][INFO ][ContextLoader.java: 307] - Root WebApplicationContext initialized in 888 ms
[12:57:02][INFO ][FrameworkServlet.java: 525] - Initializing Servlet 'appServlet'
[12:57:03][INFO ][FrameworkServlet.java: 547] - Completed initialization in 831 ms
[12:57:13][INFO ][MemberController.java: 93] - login.do : Member [userId=admin, userPwd=admin, userName=null, gender=null, age=0, phone=null, email=null, enrollDate=null, lastModified=null, signType=null, adminYN=null, loginOk=null, photoFileName=null]
[13:01:20][INFO ][ContextLoader.java: 271] - Root WebApplicationContext: initialization started
[13:01:21][INFO ][ContextLoader.java: 307] - Root WebApplicationContext initialized in 931 ms
[13:01:21][INFO ][FrameworkServlet.java: 525] - Initializing Servlet 'appServlet'
[13:01:22][INFO ][FrameworkServlet.java: 547] - Completed initialization in 869 ms
[13:01:29][INFO ][MemberController.java: 93] - login.do : Member [userId=admin, userPwd=admin, userName=null, gender=null, age=0, phone=null, email=null, enrollDate=null, lastModified=null, signType=null, adminYN=null, loginOk=null, photoFileName=null]
[13:06:40][INFO ][ContextLoader.java: 271] - Root WebApplicationContext: initialization started
[13:06:41][INFO ][ContextLoader.java: 307] - Root WebApplicationContext initialized in 866 ms
[13:06:41][INFO ][FrameworkServlet.java: 525] - Initializing Servlet 'appServlet'
[13:06:41][INFO ][FrameworkServlet.java: 547] - Completed initialization in 856 ms
[13:10:28][INFO ][ContextLoader.java: 271] - Root WebApplicationContext: initialization started
[13:10:29][INFO ][ContextLoader.java: 307] - Root WebApplicationContext initialized in 921 ms
[13:10:29][INFO ][FrameworkServlet.java: 525] - Initializing Servlet 'appServlet'
[13:10:30][INFO ][FrameworkServlet.java: 547] - Completed initialization in 838 ms
[13:10:38][INFO ][MemberController.java: 93] - login.do : Member [userId=admin, userPwd=admin, userName=null, gender=null, age=0, phone=null, email=null, enrollDate=null, lastModified=null, signType=null, adminYN=null, loginOk=null, photoFileName=null]
[13:10:53][INFO ][ContextLoader.java: 271] - Root WebApplicationContext: initialization started
[13:10:54][INFO ][ContextLoader.java: 307] - Root WebApplicationContext initialized in 880 ms
[13:10:54][INFO ][FrameworkServlet.java: 525] - Initializing Servlet 'appServlet'
[13:10:55][INFO ][FrameworkServlet.java: 547] - Completed initialization in 835 ms
[13:12:18][INFO ][ContextLoader.java: 271] - Root WebApplicationContext: initialization started
[13:12:19][INFO ][ContextLoader.java: 307] - Root WebApplicationContext initialized in 885 ms
[13:12:19][INFO ][FrameworkServlet.java: 525] - Initializing Servlet 'appServlet'
[13:12:20][INFO ][FrameworkServlet.java: 547] - Completed initialization in 854 ms
[13:12:31][INFO ][MemberController.java: 93] - login.do : Member [userId=admin, userPwd=admin, userName=null, gender=null, age=0, phone=null, email=null, enrollDate=null, lastModified=null, signType=null, adminYN=null, loginOk=null, photoFileName=null]
[13:17:48][INFO ][ContextLoader.java: 271] - Root WebApplicationContext: initialization started
[13:17:49][INFO ][ContextLoader.java: 307] - Root WebApplicationContext initialized in 906 ms
[13:17:49][INFO ][FrameworkServlet.java: 525] - Initializing Servlet 'appServlet'
[13:17:50][INFO ][FrameworkServlet.java: 547] - Completed initialization in 901 ms
[13:18:10][INFO ][MemberController.java: 357] - action은gender
[13:18:14][INFO ][MemberController.java: 357] - action은null
[13:18:17][INFO ][MemberController.java: 357] - action은gender
[13:19:33][INFO ][MemberController.java: 357] - action은null
[13:19:37][INFO ][MemberController.java: 357] - action은null
[13:19:56][INFO ][ContextLoader.java: 271] - Root WebApplicationContext: initialization started
[13:19:56][INFO ][ContextLoader.java: 307] - Root WebApplicationContext initialized in 894 ms
[13:19:56][INFO ][FrameworkServlet.java: 525] - Initializing Servlet 'appServlet'
[13:19:57][INFO ][FrameworkServlet.java: 547] - Completed initialization in 863 ms
[13:20:09][INFO ][MemberController.java: 93] - login.do : Member [userId=admin, userPwd=admin, userName=null, gender=null, age=0, phone=null, email=null, enrollDate=null, lastModified=null, signType=null, adminYN=null, loginOk=null, photoFileName=null]
[13:20:38][INFO ][MemberController.java: 357] - action은gender
[13:21:44][INFO ][ContextLoader.java: 271] - Root WebApplicationContext: initialization started
[13:21:45][INFO ][ContextLoader.java: 307] - Root WebApplicationContext initialized in 934 ms
[13:21:45][INFO ][FrameworkServlet.java: 525] - Initializing Servlet 'appServlet'
[13:21:46][INFO ][FrameworkServlet.java: 547] - Completed initialization in 884 ms
[13:21:55][INFO ][MemberController.java: 93] - login.do : Member [userId=admin, userPwd=admin, userName=null, gender=null, age=0, phone=null, email=null, enrollDate=null, lastModified=null, signType=null, adminYN=null, loginOk=null, photoFileName=null]
[13:23:47][INFO ][ContextLoader.java: 271] - Root WebApplicationContext: initialization started
[13:23:48][INFO ][ContextLoader.java: 307] - Root WebApplicationContext initialized in 887 ms
[13:23:48][INFO ][FrameworkServlet.java: 525] - Initializing Servlet 'appServlet'
[13:23:49][INFO ][FrameworkServlet.java: 547] - Completed initialization in 853 ms
[13:23:54][INFO ][MemberController.java: 93] - login.do : Member [userId=admin, userPwd=admin, userName=null, gender=null, age=0, phone=null, email=null, enrollDate=null, lastModified=null, signType=null, adminYN=null, loginOk=null, photoFileName=null]
[13:23:58][INFO ][MemberController.java: 357] - action은gender
[13:24:00][INFO ][MemberController.java: 357] - action은gender
[13:24:01][INFO ][MemberController.java: 357] - action은gender
[13:24:05][INFO ][MemberController.java: 357] - action은gender
[13:24:06][INFO ][MemberController.java: 357] - action은gender
[13:24:07][INFO ][MemberController.java: 357] - action은gender
[13:24:08][INFO ][MemberController.java: 357] - action은gender
[13:24:49][INFO ][MemberController.java: 357] - action은gender
[13:24:57][INFO ][MemberController.java: 357] - action은gender
[13:25:10][INFO ][MemberController.java: 357] - action은gender
[13:25:22][INFO ][MemberController.java: 357] - action은loginok
[13:25:24][INFO ][MemberController.java: 357] - action은loginok
[13:25:29][INFO ][MemberController.java: 357] - action은loginok
[13:25:30][INFO ][MemberController.java: 357] - action은loginok
[13:25:37][INFO ][MemberController.java: 357] - action은loginok
[13:25:38][INFO ][MemberController.java: 357] - action은loginok
[13:25:40][INFO ][MemberController.java: 357] - action은loginok
[13:26:12][INFO ][ContextLoader.java: 271] - Root WebApplicationContext: initialization started
[13:26:13][INFO ][ContextLoader.java: 307] - Root WebApplicationContext initialized in 910 ms
[13:26:13][INFO ][FrameworkServlet.java: 525] - Initializing Servlet 'appServlet'
[13:26:14][INFO ][FrameworkServlet.java: 547] - Completed initialization in 860 ms
[13:26:20][INFO ][MemberController.java: 93] - login.do : Member [userId=admin, userPwd=admin, userName=null, gender=null, age=0, phone=null, email=null, enrollDate=null, lastModified=null, signType=null, adminYN=null, loginOk=null, photoFileName=null]
[13:26:25][INFO ][MemberController.java: 357] - action은loginok
[13:26:27][INFO ][MemberController.java: 357] - action은loginok
[13:26:32][INFO ][MemberController.java: 357] - action은loginok
[13:26:33][INFO ][MemberController.java: 357] - action은loginok
[13:26:35][INFO ][MemberController.java: 357] - action은loginok
[13:26:36][INFO ][MemberController.java: 357] - action은loginok
[13:26:56][INFO ][ContextLoader.java: 271] - Root WebApplicationContext: initialization started
[13:26:56][INFO ][ContextLoader.java: 307] - Root WebApplicationContext initialized in 874 ms
[13:26:56][INFO ][FrameworkServlet.java: 525] - Initializing Servlet 'appServlet'
[13:26:57][INFO ][FrameworkServlet.java: 547] - Completed initialization in 866 ms
[13:27:15][INFO ][MemberController.java: 93] - login.do : Member [userId=admin, userPwd=admin, userName=null, gender=null, age=0, phone=null, email=null, enrollDate=null, lastModified=null, signType=null, adminYN=null, loginOk=null, photoFileName=null]
[13:27:20][INFO ][MemberController.java: 357] - action은loginok
[13:27:21][INFO ][MemberController.java: 357] - action은loginok
[13:27:22][INFO ][MemberController.java: 357] - action은loginok
[13:31:17][INFO ][ContextLoader.java: 271] - Root WebApplicationContext: initialization started
[13:31:18][INFO ][ContextLoader.java: 307] - Root WebApplicationContext initialized in 911 ms
[13:31:18][INFO ][FrameworkServlet.java: 525] - Initializing Servlet 'appServlet'
[13:31:19][INFO ][FrameworkServlet.java: 547] - Completed initialization in 913 ms
[13:31:24][INFO ][MemberController.java: 93] - login.do : Member [userId=admin, userPwd=admin, userName=null, gender=null, age=0, phone=null, email=null, enrollDate=null, lastModified=null, signType=null, adminYN=null, loginOk=null, photoFileName=null]
[13:31:29][INFO ][MemberController.java: 357] - action은null
[13:31:38][INFO ][MemberController.java: 357] - action은null
[13:31:44][INFO ][MemberController.java: 357] - action은null
[13:32:02][INFO ][MemberController.java: 357] - action은gender
[13:32:04][INFO ][MemberController.java: 357] - action은gender
[13:32:20][INFO ][MemberController.java: 357] - action은gender
[13:32:56][INFO ][MemberController.java: 357] - action은enrolldate
[13:33:11][INFO ][MemberController.java: 357] - action은gender
[13:33:16][INFO ][MemberController.java: 357] - action은gender
[13:34:22][INFO ][MemberController.java: 357] - action은null
[14:16:04][INFO ][ContextLoader.java: 271] - Root WebApplicationContext: initialization started
[14:16:05][INFO ][ContextLoader.java: 307] - Root WebApplicationContext initialized in 932 ms
[14:16:05][INFO ][FrameworkServlet.java: 525] - Initializing Servlet 'appServlet'
[14:16:06][INFO ][FrameworkServlet.java: 547] - Completed initialization in 876 ms
[14:16:15][INFO ][MemberController.java: 93] - login.do : Member [userId=admin, userPwd=admin, userName=null, gender=null, age=0, phone=null, email=null, enrollDate=null, lastModified=null, signType=null, adminYN=null, loginOk=null, photoFileName=null]
[14:16:19][INFO ][MemberController.java: 367] - action : gender
[14:16:21][INFO ][MemberController.java: 367] - action : gender
[14:16:22][INFO ][MemberController.java: 367] - action : gender
[14:16:26][INFO ][MemberController.java: 367] - action : id
[14:16:27][INFO ][MemberController.java: 367] - action : id
[14:16:29][INFO ][MemberController.java: 367] - action : id
[14:16:32][INFO ][MemberController.java: 367] - action : id
[14:16:33][INFO ][MemberController.java: 367] - action : id
[19:58:43][INFO ][ContextLoader.java: 271] - Root WebApplicationContext: initialization started
[19:58:44][INFO ][ContextLoader.java: 307] - Root WebApplicationContext initialized in 1061 ms
[19:58:44][INFO ][FrameworkServlet.java: 525] - Initializing Servlet 'appServlet'
[19:58:45][INFO ][FrameworkServlet.java: 547] - Completed initialization in 909 ms
